#
# There is insufficient memory for the Java Runtime Environment to continue.
# Native memory allocation (mmap) failed to map 115343360 bytes for committing reserved memory.
# Possible reasons:
#   The system is out of physical RAM or swap space
#   In 32 bit mode, the process size limit was hit
# Possible solutions:
#   Reduce memory load on the system
#   Increase physical memory or swap space
#   Check if swap backing store is full
#   Use 64 bit Java on a 64 bit OS
#   Decrease Java heap size (-Xmx/-Xms)
#   Decrease number of Java threads
#   Decrease Java thread stack sizes (-Xss)
#   Set larger code cache with -XX:ReservedCodeCacheSize=
# This output file may be truncated or incomplete.
#
#  Out of Memory Error (os_linux.cpp:2640), pid=359, tid=0x00007f4a87dfd700
#
# JRE version: Java(TM) SE Runtime Environment (8.0_171-b11) (build 1.8.0_171-b11)
# Java VM: Java HotSpot(TM) 64-Bit Server VM (25.171-b11 mixed mode linux-amd64 compressed oops)
# Failed to write core dump. Core dumps have been disabled. To enable core dumping, try "ulimit -c unlimited" before starting Java again
#

---------------  T H R E A D  ---------------

Current thread (0x00007f4aa4143800):  VMThread [stack: 0x00007f4a87cfd000,0x00007f4a87dfe000] [id=372]

Stack: [0x00007f4a87cfd000,0x00007f4a87dfe000],  sp=0x00007f4a87dfc1a0,  free space=1020k
Native frames: (J=compiled Java code, j=interpreted, Vv=VM code, C=native code)
V  [libjvm.so+0xacfffa]  VMError::report_and_die()+0x2ba
V  [libjvm.so+0x5005cb]  report_vm_out_of_memory(char const*, int, unsigned long, VMErrorType, char const*)+0x8b
V  [libjvm.so+0x92dd93]  os::Linux::commit_memory_impl(char*, unsigned long, bool)+0x123
V  [libjvm.so+0x92dfb9]  os::pd_commit_memory(char*, unsigned long, unsigned long, bool)+0x29
V  [libjvm.so+0x92527a]  os::commit_memory(char*, unsigned long, unsigned long, bool)+0x2a
V  [libjvm.so+0x99b223]  PSVirtualSpace::expand_by(unsigned long)+0x53
V  [libjvm.so+0x99c628]  PSYoungGen::resize_generation(unsigned long, unsigned long)+0xf8
V  [libjvm.so+0x99b782]  PSYoungGen::resize(unsigned long, unsigned long)+0x22
V  [libjvm.so+0x998a5b]  PSScavenge::invoke_no_policy()+0xf3b
V  [libjvm.so+0x9991e1]  PSScavenge::invoke()+0x41
V  [libjvm.so+0x94fcb0]  ParallelScavengeHeap::failed_mem_allocate(unsigned long)+0x70
V  [libjvm.so+0xad1a77]  VM_ParallelGCFailedAllocation::doit()+0x97
V  [libjvm.so+0xad9595]  VM_Operation::evaluate()+0x55
V  [libjvm.so+0xad795a]  VMThread::evaluate_operation(VM_Operation*)+0xba
V  [libjvm.so+0xad7cde]  VMThread::loop()+0x1ce
V  [libjvm.so+0xad8150]  VMThread::run()+0x70
V  [libjvm.so+0x92e0f8]  java_start(Thread*)+0x108

VM_Operation (0x00007f4a131f1f60): ParallelGCFailedAllocation, mode: safepoint, requested by thread 0x0000000000bfc800


---------------  P R O C E S S  ---------------

Java Threads: ( => current thread )
  0x00007f4a2c006800 JavaThread "sys-#323" [_thread_blocked, id=12298, stack(0x00007f49fb7f9000,0x00007f49fb8fa000)]
  0x00007f4a2c005000 JavaThread "sys-#322" [_thread_blocked, id=12293, stack(0x00007f49fbcfe000,0x00007f49fbdff000)]
  0x00007f4a2c00b000 JavaThread "sys-#321" [_thread_blocked, id=12287, stack(0x00007f49fbbfd000,0x00007f49fbcfe000)]
  0x00007f4a2c009800 JavaThread "sys-#320" [_thread_blocked, id=12279, stack(0x00007f49fb8fa000,0x00007f49fb9fb000)]
  0x00007f4a2c008800 JavaThread "sys-#319" [_thread_blocked, id=12242, stack(0x00007f49fb9fb000,0x00007f49fbafc000)]
  0x00007f4a2c007800 JavaThread "sys-#318" [_thread_blocked, id=12205, stack(0x00007f49faef2000,0x00007f49faff3000)]
  0x00007f4aa400e000 JavaThread "DestroyJavaVM" [_thread_blocked, id=362, stack(0x00007f4aac99e000,0x00007f4aaca9f000)]
  0x00007f4aa4de3800 JavaThread "session-timeout-worker-#34" daemon [_thread_blocked, id=489, stack(0x00007f49fadf1000,0x00007f49faef2000)]
  0x00007f4aa4dcd800 JavaThread "srvc-deploy-#55" [_thread_blocked, id=487, stack(0x00007f49faff3000,0x00007f49fb0f4000)]
  0x00007f4a240f4800 JavaThread "ttl-cleanup-worker-#43" [_thread_blocked, id=468, stack(0x00007f4a100ec000,0x00007f4a101ed000)]
  0x00007f4aa4dc7000 JavaThread "exchange-worker-#42" [_thread_blocked, id=467, stack(0x00007f4a12bee000,0x00007f4a12cef000)]
  0x00007f4aa4dc3800 JavaThread "ignite-update-notifier-timer" daemon [_thread_blocked, id=466, stack(0x00007f4a12cef000,0x00007f4a12df0000)]
  0x00007f4aa4dbc000 JavaThread "upd-ver-checker" daemon [_thread_blocked, id=465, stack(0x00007f4a12df0000,0x00007f4a12ef1000)]
  0x00007f4aa4db9000 JavaThread "disco-event-worker-#41" [_thread_blocked, id=464, stack(0x00007f4a12ef1000,0x00007f4a12ff2000)]
  0x00007f4aa4db5800 JavaThread "tcp-disco-ip-finder-cleaner-#6" [_thread_blocked, id=463, stack(0x00007f4a12ff2000,0x00007f4a130f3000)]
  0x0000000000bfc800 JavaThread "tcp-disco-sock-reader-#5" [_thread_blocked, id=461, stack(0x00007f4a130f3000,0x00007f4a131f4000)]
  0x00007f4aa4d88800 JavaThread "tcp-disco-multicast-addr-sender-#4" [_thread_in_native, id=459, stack(0x00007f4a133f4000,0x00007f4a134f5000)]
  0x00007f4aa4d86800 JavaThread "tcp-disco-srvr-#3" [_thread_in_native, id=458, stack(0x00007f4a134f5000,0x00007f4a135f6000)]
  0x00007f4aa4d80000 JavaThread "tcp-disco-msg-worker-#2" [_thread_blocked, id=457, stack(0x00007f4a135f6000,0x00007f4a136f7000)]
  0x00007f4aa4d05800 JavaThread "grid-data-loader-flusher-#40" [_thread_blocked, id=455, stack(0x00007f4a136f7000,0x00007f4a137f8000)]
  0x00007f4aa4cfb000 JavaThread "grid-nio-worker-tcp-rest-3-#39" [_thread_blocked, id=445, stack(0x00007f4a137f8000,0x00007f4a138f9000)]
  0x00007f4aa4cf9800 JavaThread "grid-nio-worker-tcp-rest-2-#38" [_thread_blocked, id=444, stack(0x00007f4a138f9000,0x00007f4a139fa000)]
  0x00007f4aa4c7b000 JavaThread "grid-nio-worker-tcp-rest-1-#37" [_thread_blocked, id=443, stack(0x00007f4a139fa000,0x00007f4a13afb000)]
  0x00007f4aa4c79000 JavaThread "grid-nio-worker-tcp-rest-0-#36" [_thread_blocked, id=441, stack(0x00007f4a13afb000,0x00007f4a13bfc000)]
  0x00007f4aa4c77800 JavaThread "nio-acceptor-#35" [_thread_blocked, id=440, stack(0x00007f4a13bfc000,0x00007f4a13cfd000)]
  0x00007f4aa4c4f800 JavaThread "grid-nio-worker-client-listener-3-#33" [_thread_blocked, id=439, stack(0x00007f4a13cfd000,0x00007f4a13dfe000)]
  0x00007f4aa4bc1800 JavaThread "grid-nio-worker-client-listener-2-#32" [_thread_blocked, id=437, stack(0x00007f4a13dfe000,0x00007f4a13eff000)]
  0x00007f4aa4bbf800 JavaThread "grid-nio-worker-client-listener-1-#31" [_thread_blocked, id=436, stack(0x00007f4a13eff000,0x00007f4a14000000)]
  0x00007f4aa4bbd000 JavaThread "grid-nio-worker-client-listener-0-#30" [_thread_blocked, id=435, stack(0x00007f4a5c0d8000,0x00007f4a5c1d9000)]
  0x00007f4aa4bbb800 JavaThread "nio-acceptor-#29" [_thread_blocked, id=433, stack(0x00007f4a5c1d9000,0x00007f4a5c2da000)]
  0x00007f4aa4bc4800 JavaThread "Abandoned connection cleanup thread" daemon [_thread_blocked, id=432, stack(0x00007f4a5c2da000,0x00007f4a5c3db000)]
  0x00007f4aa4950800 JavaThread "tcp-comm-worker-#1" [_thread_blocked, id=431, stack(0x00007f4a5c9db000,0x00007f4a5cadc000)]
  0x00007f4aa494e800 JavaThread "grid-nio-worker-tcp-comm-3-#28" [_thread_blocked, id=430, stack(0x00007f4a5cadc000,0x00007f4a5cbdd000)]
  0x00007f4aa494d800 JavaThread "grid-nio-worker-tcp-comm-2-#27" [_thread_blocked, id=429, stack(0x00007f4a84076000,0x00007f4a84177000)]
  0x00007f4aa494c800 JavaThread "grid-nio-worker-tcp-comm-1-#26" [_thread_blocked, id=427, stack(0x00007f4a84494000,0x00007f4a84595000)]
  0x00007f4aa494c000 JavaThread "grid-nio-worker-tcp-comm-0-#25" [_thread_blocked, id=426, stack(0x00007f4a84595000,0x00007f4a84696000)]
  0x00007f4aa4949000 JavaThread "nio-acceptor-#24" [_thread_blocked, id=425, stack(0x00007f4a84393000,0x00007f4a84494000)]
  0x00007f4aa4927000 JavaThread "grid-timeout-worker-#23" [_thread_blocked, id=420, stack(0x00007f4a84696000,0x00007f4a84797000)]
  0x00007f4aa491f000 JavaThread "ignite-clock" daemon [_thread_blocked, id=419, stack(0x00007f4a84797000,0x00007f4a84898000)]
  0x00007f4aa482e000 JavaThread "jvm-pause-detector-worker" daemon [_thread_blocked, id=412, stack(0x00007f4a8509e000,0x00007f4a8519f000)]
  0x00007f4aa47e7000 JavaThread "data-streamer-stripe-7-#16" [_thread_blocked, id=411, stack(0x00007f4a8519f000,0x00007f4a852a0000)]
  0x00007f4aa47e5800 JavaThread "data-streamer-stripe-6-#15" [_thread_blocked, id=410, stack(0x00007f4a852a0000,0x00007f4a853a1000)]
  0x00007f4aa47e3800 JavaThread "data-streamer-stripe-5-#14" [_thread_blocked, id=409, stack(0x00007f4a853a1000,0x00007f4a854a2000)]
  0x00007f4aa47e1800 JavaThread "data-streamer-stripe-4-#13" [_thread_blocked, id=408, stack(0x00007f4a854a2000,0x00007f4a855a3000)]
  0x00007f4aa47e0000 JavaThread "data-streamer-stripe-3-#12" [_thread_blocked, id=407, stack(0x00007f4a855a3000,0x00007f4a856a4000)]
  0x00007f4aa47de800 JavaThread "data-streamer-stripe-2-#11" [_thread_blocked, id=406, stack(0x00007f4a856a4000,0x00007f4a857a5000)]
  0x00007f4aa47dc800 JavaThread "data-streamer-stripe-1-#10" [_thread_blocked, id=405, stack(0x00007f4a857a5000,0x00007f4a858a6000)]
  0x00007f4aa47db000 JavaThread "data-streamer-stripe-0-#9" [_thread_blocked, id=404, stack(0x00007f4a858a6000,0x00007f4a859a7000)]
  0x00007f4aa47d9000 JavaThread "sys-stripe-7-#8" [_thread_blocked, id=403, stack(0x00007f4a859a7000,0x00007f4a85aa8000)]
  0x00007f4aa47d7800 JavaThread "sys-stripe-6-#7" [_thread_blocked, id=402, stack(0x00007f4a85aa8000,0x00007f4a85ba9000)]
  0x00007f4aa47d5800 JavaThread "sys-stripe-5-#6" [_thread_blocked, id=401, stack(0x00007f4a85ba9000,0x00007f4a85caa000)]
  0x00007f4aa47d4000 JavaThread "sys-stripe-4-#5" [_thread_blocked, id=400, stack(0x00007f4a85caa000,0x00007f4a85dab000)]
  0x00007f4aa47d2000 JavaThread "sys-stripe-3-#4" [_thread_blocked, id=399, stack(0x00007f4a85dab000,0x00007f4a85eac000)]
  0x00007f4aa47d0800 JavaThread "sys-stripe-2-#3" [_thread_blocked, id=398, stack(0x00007f4a85eac000,0x00007f4a85fad000)]
  0x00007f4aa47ca000 JavaThread "sys-stripe-1-#2" [_thread_blocked, id=397, stack(0x00007f4a85fad000,0x00007f4a860ae000)]
  0x00007f4aa47c8800 JavaThread "sys-stripe-0-#1" [_thread_blocked, id=396, stack(0x00007f4a860ae000,0x00007f4a861af000)]
  0x00007f4aa4725000 JavaThread "FileWatchdog" daemon [_thread_blocked, id=394, stack(0x00007f4a865b8000,0x00007f4a866b9000)]
  0x00007f4aa44c7000 JavaThread "Service Thread" daemon [_thread_blocked, id=387, stack(0x00007f4a8700c000,0x00007f4a8710d000)]
  0x00007f4aa44b9800 JavaThread "C1 CompilerThread2" daemon [_thread_blocked, id=386, stack(0x00007f4a8710d000,0x00007f4a8720e000)]
  0x00007f4aa44b7000 JavaThread "C2 CompilerThread1" daemon [_thread_blocked, id=385, stack(0x00007f4a8720e000,0x00007f4a8730f000)]
  0x00007f4aa44b5000 JavaThread "C2 CompilerThread0" daemon [_thread_blocked, id=384, stack(0x00007f4a8730f000,0x00007f4a87410000)]
  0x00007f4aa44aa800 JavaThread "Monitor Ctrl-Break" daemon [_thread_in_native, id=383, stack(0x00007f4a87410000,0x00007f4a87511000)]
  0x00007f4aa4182800 JavaThread "Signal Dispatcher" daemon [_thread_blocked, id=382, stack(0x00007f4a87731000,0x00007f4a87832000)]
  0x00007f4aa414f800 JavaThread "Finalizer" daemon [_thread_blocked, id=377, stack(0x00007f4a87afb000,0x00007f4a87bfc000)]
  0x00007f4aa414b000 JavaThread "Reference Handler" daemon [_thread_blocked, id=376, stack(0x00007f4a87bfc000,0x00007f4a87cfd000)]

Other Threads:
=>0x00007f4aa4143800 VMThread [stack: 0x00007f4a87cfd000,0x00007f4a87dfe000] [id=372]
  0x00007f4aa44ca000 WatcherThread [stack: 0x00007f4a86cf4000,0x00007f4a86df5000] [id=388]

VM state:at safepoint (normal execution)

VM Mutex/Monitor currently owned by a thread:  ([mutex/lock_event])
[0x00007f4aa400a940] Threads_lock - owner thread: 0x00007f4aa4143800
[0x00007f4aa400ae40] Heap_lock - owner thread: 0x0000000000bfc800

Heap:
 PSYoungGen      total 226816K, used 2170K [0x00000000d6e00000, 0x00000000e6200000, 0x0000000100000000)
  eden space 205824K, 0% used [0x00000000d6e00000,0x00000000d6e00000,0x00000000e3700000)
  from space 20992K, 10% used [0x00000000e3700000,0x00000000e391e970,0x00000000e4b80000)
  to   space 22016K, 0% used [0x00000000e4b80000,0x00000000e4b80000,0x00000000e6100000)
 ParOldGen       total 96256K, used 26210K [0x0000000084a00000, 0x000000008a800000, 0x00000000d6e00000)
  object space 96256K, 27% used [0x0000000084a00000,0x0000000086398848,0x000000008a800000)
 Metaspace       used 37728K, capacity 38256K, committed 38568K, reserved 1083392K
  class space    used 4050K, capacity 4209K, committed 4264K, reserved 1048576K

Card table byte_map: [0x00007f4aa914c000,0x00007f4aa9528000] byte_map_base: 0x00007f4aa8d27000

Marking Bits: (ParMarkBitMap*) 0x00007f4aabe6a280
 Begin Bits: [0x00007f4a8c250000, 0x00007f4a8e128000)
 End Bits:   [0x00007f4a8e128000, 0x00007f4a90000000)

Polling page: 0x00007f4aacabc000

CodeCache: size=245760Kb used=12457Kb max_used=12473Kb free=233302Kb
 bounds [0x00007f4a95000000, 0x00007f4a95c50000, 0x00007f4aa4000000]
 total_blobs=4293 nmethods=3574 adapters=629
 compilation: enabled

Compilation events (10 events):
Event: 2695,687 Thread 0x00007f4aa44b7000 nmethod 4366 0x00007f4a955c9710 code [0x00007f4a955c9880, 0x00007f4a955c99e8]
Event: 2699,591 Thread 0x00007f4aa44b5000 4367   !   4       org.apache.ignite.internal.util.IgniteUtils::sleep (24 bytes)
Event: 2699,597 Thread 0x00007f4aa44b5000 nmethod 4367 0x00007f4a9582ed10 code [0x00007f4a9582ee60, 0x00007f4a9582ef08]
Event: 2701,731 Thread 0x00007f4aa44b7000 4368   !   4       sun.reflect.GeneratedMethodAccessor8::invoke (66 bytes)
Event: 2701,761 Thread 0x00007f4aa44b7000 nmethod 4368 0x00007f4a95181190 code [0x00007f4a95181300, 0x00007f4a95181468]
Event: 2709,998 Thread 0x00007f4aa44b5000 4369   !   4       sun.reflect.GeneratedMethodAccessor9::invoke (66 bytes)
Event: 2716,780 Thread 0x00007f4aa44b7000 4370       4       java.util.LinkedHashMap::afterNodeRemoval (65 bytes)
Event: 2718,600 Thread 0x00007f4aa44b7000 nmethod 4370 0x00007f4a9562de50 code [0x00007f4a9562dfa0, 0x00007f4a9562e098]
Event: 2718,643 Thread 0x00007f4aa44b5000 nmethod 4369 0x00007f4a9529df90 code [0x00007f4a9529e180, 0x00007f4a9529e840]
Event: 2745,282 Thread 0x00007f4aa44b7000 4371       4       org.apache.ignite.internal.util.nio.GridNioServer$AbstractNioClientWorker::reset0 (45 bytes)

GC Heap History (10 events):
Event: 1,727 GC heap after
Heap after GC invocations=4 (full 0):
 PSYoungGen      total 132096K, used 5115K [0x00000000d6e00000, 0x00000000df400000, 0x0000000100000000)
  eden space 126976K, 0% used [0x00000000d6e00000,0x00000000d6e00000,0x00000000dea00000)
  from space 5120K, 99% used [0x00000000def00000,0x00000000df3fedc8,0x00000000df400000)
  to   space 5120K, 0% used [0x00000000dea00000,0x00000000dea00000,0x00000000def00000)
 ParOldGen       total 84992K, used 8910K [0x0000000084a00000, 0x0000000089d00000, 0x00000000d6e00000)
  object space 84992K, 10% used [0x0000000084a00000,0x00000000852b39f0,0x0000000089d00000)
 Metaspace       used 21038K, capacity 21158K, committed 21296K, reserved 1069056K
  class space    used 2355K, capacity 2396K, committed 2432K, reserved 1048576K
}
Event: 1,727 GC heap before
{Heap before GC invocations=5 (full 1):
 PSYoungGen      total 132096K, used 5115K [0x00000000d6e00000, 0x00000000df400000, 0x0000000100000000)
  eden space 126976K, 0% used [0x00000000d6e00000,0x00000000d6e00000,0x00000000dea00000)
  from space 5120K, 99% used [0x00000000def00000,0x00000000df3fedc8,0x00000000df400000)
  to   space 5120K, 0% used [0x00000000dea00000,0x00000000dea00000,0x00000000def00000)
 ParOldGen       total 84992K, used 8910K [0x0000000084a00000, 0x0000000089d00000, 0x00000000d6e00000)
  object space 84992K, 10% used [0x0000000084a00000,0x00000000852b39f0,0x0000000089d00000)
 Metaspace       used 21038K, capacity 21158K, committed 21296K, reserved 1069056K
  class space    used 2355K, capacity 2396K, committed 2432K, reserved 1048576K
Event: 1,768 GC heap after
Heap after GC invocations=5 (full 1):
 PSYoungGen      total 132096K, used 0K [0x00000000d6e00000, 0x00000000df400000, 0x0000000100000000)
  eden space 126976K, 0% used [0x00000000d6e00000,0x00000000d6e00000,0x00000000dea00000)
  from space 5120K, 0% used [0x00000000def00000,0x00000000def00000,0x00000000df400000)
  to   space 5120K, 0% used [0x00000000dea00000,0x00000000dea00000,0x00000000def00000)
 ParOldGen       total 61440K, used 11774K [0x0000000084a00000, 0x0000000088600000, 0x00000000d6e00000)
  object space 61440K, 19% used [0x0000000084a00000,0x000000008557fae0,0x0000000088600000)
 Metaspace       used 21038K, capacity 21158K, committed 21296K, reserved 1069056K
  class space    used 2355K, capacity 2396K, committed 2432K, reserved 1048576K
}
Event: 8,754 GC heap before
{Heap before GC invocations=6 (full 1):
 PSYoungGen      total 132096K, used 105637K [0x00000000d6e00000, 0x00000000df400000, 0x0000000100000000)
  eden space 126976K, 83% used [0x00000000d6e00000,0x00000000dd529448,0x00000000dea00000)
  from space 5120K, 0% used [0x00000000def00000,0x00000000def00000,0x00000000df400000)
  to   space 5120K, 0% used [0x00000000dea00000,0x00000000dea00000,0x00000000def00000)
 ParOldGen       total 61440K, used 11774K [0x0000000084a00000, 0x0000000088600000, 0x00000000d6e00000)
  object space 61440K, 19% used [0x0000000084a00000,0x000000008557fae0,0x0000000088600000)
 Metaspace       used 34850K, capacity 35376K, committed 35496K, reserved 1081344K
  class space    used 3841K, capacity 3995K, committed 4008K, reserved 1048576K
Event: 8,766 GC heap after
Heap after GC invocations=6 (full 1):
 PSYoungGen      total 132096K, used 5106K [0x00000000d6e00000, 0x00000000e6100000, 0x0000000100000000)
  eden space 126976K, 0% used [0x00000000d6e00000,0x00000000d6e00000,0x00000000dea00000)
  from space 5120K, 99% used [0x00000000dea00000,0x00000000deefcae0,0x00000000def00000)
  to   space 22016K, 0% used [0x00000000e4b80000,0x00000000e4b80000,0x00000000e6100000)
 ParOldGen       total 61440K, used 26229K [0x0000000084a00000, 0x0000000088600000, 0x00000000d6e00000)
  object space 61440K, 42% used [0x0000000084a00000,0x000000008639d5f0,0x0000000088600000)
 Metaspace       used 34850K, capacity 35376K, committed 35496K, reserved 1081344K
  class space    used 3841K, capacity 3995K, committed 4008K, reserved 1048576K
}
Event: 8,766 GC heap before
{Heap before GC invocations=7 (full 2):
 PSYoungGen      total 132096K, used 5106K [0x00000000d6e00000, 0x00000000e6100000, 0x0000000100000000)
  eden space 126976K, 0% used [0x00000000d6e00000,0x00000000d6e00000,0x00000000dea00000)
  from space 5120K, 99% used [0x00000000dea00000,0x00000000deefcae0,0x00000000def00000)
  to   space 22016K, 0% used [0x00000000e4b80000,0x00000000e4b80000,0x00000000e6100000)
 ParOldGen       total 61440K, used 26229K [0x0000000084a00000, 0x0000000088600000, 0x00000000d6e00000)
  object space 61440K, 42% used [0x0000000084a00000,0x000000008639d5f0,0x0000000088600000)
 Metaspace       used 34850K, capacity 35376K, committed 35496K, reserved 1081344K
  class space    used 3841K, capacity 3995K, committed 4008K, reserved 1048576K
Event: 8,824 GC heap after
Heap after GC invocations=7 (full 2):
 PSYoungGen      total 132096K, used 0K [0x00000000d6e00000, 0x00000000e6100000, 0x0000000100000000)
  eden space 126976K, 0% used [0x00000000d6e00000,0x00000000d6e00000,0x00000000dea00000)
  from space 5120K, 0% used [0x00000000dea00000,0x00000000dea00000,0x00000000def00000)
  to   space 22016K, 0% used [0x00000000e4b80000,0x00000000e4b80000,0x00000000e6100000)
 ParOldGen       total 96256K, used 26194K [0x0000000084a00000, 0x000000008a800000, 0x00000000d6e00000)
  object space 96256K, 27% used [0x0000000084a00000,0x0000000086394848,0x000000008a800000)
 Metaspace       used 34850K, capacity 35376K, committed 35496K, reserved 1081344K
  class space    used 3841K, capacity 3995K, committed 4008K, reserved 1048576K
}
Event: 922,850 GC heap before
{Heap before GC invocations=8 (full 2):
 PSYoungGen      total 132096K, used 126976K [0x00000000d6e00000, 0x00000000e6100000, 0x0000000100000000)
  eden space 126976K, 100% used [0x00000000d6e00000,0x00000000dea00000,0x00000000dea00000)
  from space 5120K, 0% used [0x00000000dea00000,0x00000000dea00000,0x00000000def00000)
  to   space 22016K, 0% used [0x00000000e4b80000,0x00000000e4b80000,0x00000000e6100000)
 ParOldGen       total 96256K, used 26194K [0x0000000084a00000, 0x000000008a800000, 0x00000000d6e00000)
  object space 96256K, 27% used [0x0000000084a00000,0x0000000086394848,0x000000008a800000)
 Metaspace       used 37586K, capacity 38116K, committed 38312K, reserved 1083392K
  class space    used 4048K, capacity 4207K, committed 4264K, reserved 1048576K
Event: 922,887 GC heap after
Heap after GC invocations=8 (full 2):
 PSYoungGen      total 227840K, used 3151K [0x00000000d6e00000, 0x00000000e6200000, 0x0000000100000000)
  eden space 205824K, 0% used [0x00000000d6e00000,0x00000000d6e00000,0x00000000e3700000)
  from space 22016K, 14% used [0x00000000e4b80000,0x00000000e4e93c58,0x00000000e6100000)
  to   space 20992K, 0% used [0x00000000e3700000,0x00000000e3700000,0x00000000e4b80000)
 ParOldGen       total 96256K, used 26202K [0x0000000084a00000, 0x000000008a800000, 0x00000000d6e00000)
  object space 96256K, 27% used [0x0000000084a00000,0x0000000086396848,0x000000008a800000)
 Metaspace       used 37586K, capacity 38116K, committed 38312K, reserved 1083392K
  class space    used 4048K, capacity 4207K, committed 4264K, reserved 1048576K
}
Event: 2746,163 GC heap before
{Heap before GC invocations=9 (full 2):
 PSYoungGen      total 227840K, used 208975K [0x00000000d6e00000, 0x00000000e6200000, 0x0000000100000000)
  eden space 205824K, 100% used [0x00000000d6e00000,0x00000000e3700000,0x00000000e3700000)
  from space 22016K, 14% used [0x00000000e4b80000,0x00000000e4e93c58,0x00000000e6100000)
  to   space 20992K, 0% used [0x00000000e3700000,0x00000000e3700000,0x00000000e4b80000)
 ParOldGen       total 96256K, used 26202K [0x0000000084a00000, 0x000000008a800000, 0x00000000d6e00000)
  object space 96256K, 27% used [0x0000000084a00000,0x0000000086396848,0x000000008a800000)
 Metaspace       used 37728K, capacity 38256K, committed 38568K, reserved 1083392K
  class space    used 4050K, capacity 4209K, committed 4264K, reserved 1048576K

Deoptimization events (10 events):
Event: 155,012 Thread 0x00007f4a2c006800 Uncommon trap: reason=unstable_if action=reinterpret pc=0x00007f4a95362ea4 method=java.util.concurrent.locks.AbstractQueuedSynchronizer$ConditionObject.awaitNanos(J)J @ 131
Event: 165,046 Thread 0x00007f4a2c007800 Uncommon trap: reason=unstable_if action=reinterpret pc=0x00007f4a95362ea4 method=java.util.concurrent.locks.AbstractQueuedSynchronizer$ConditionObject.awaitNanos(J)J @ 131
Event: 175,051 Thread 0x00007f4a2c009000 Uncommon trap: reason=unstable_if action=reinterpret pc=0x00007f4a95362ea4 method=java.util.concurrent.locks.AbstractQueuedSynchronizer$ConditionObject.awaitNanos(J)J @ 131
Event: 361,537 Thread 0x00007f4aa4d80000 Uncommon trap: reason=unstable_if action=reinterpret pc=0x00007f4a959a72c4 method=java.util.concurrent.locks.AbstractQueuedSynchronizer.transferAfterCancelledWait(Ljava/util/concurrent/locks/AbstractQueuedSynchronizer$Node;)Z @ 7
Event: 672,282 Thread 0x0000000000bfc800 Uncommon trap: reason=predicate action=maybe_recompile pc=0x00007f4a95488198 method=java.util.Arrays.fill([Ljava/lang/Object;IILjava/lang/Object;)V @ 16
Event: 686,344 Thread 0x0000000000bfc800 Uncommon trap: reason=array_check action=maybe_recompile pc=0x00007f4a9533c8c8 method=java.util.Arrays.fill([Ljava/lang/Object;IILjava/lang/Object;)V @ 20
Event: 688,329 Thread 0x0000000000bfc800 Uncommon trap: reason=array_check action=maybe_recompile pc=0x00007f4a9533c8c8 method=java.util.Arrays.fill([Ljava/lang/Object;IILjava/lang/Object;)V @ 20
Event: 688,337 Thread 0x0000000000bfc800 Uncommon trap: reason=array_check action=maybe_recompile pc=0x00007f4a9533c8c8 method=java.util.Arrays.fill([Ljava/lang/Object;IILjava/lang/Object;)V @ 20
Event: 689,388 Thread 0x0000000000bfc800 Uncommon trap: reason=array_check action=maybe_recompile pc=0x00007f4a9533c8c8 method=java.util.Arrays.fill([Ljava/lang/Object;IILjava/lang/Object;)V @ 20
Event: 1648,936 Thread 0x00007f4a2c005800 Uncommon trap: reason=unstable_if action=reinterpret pc=0x00007f4a9548a0b4 method=java.util.concurrent.ConcurrentSkipListMap.doPut(Ljava/lang/Object;Ljava/lang/Object;Z)Ljava/lang/Object; @ 177

Classes redefined (0 events):
No events

Internal exceptions (10 events):
Event: 1,993 Thread 0x00007f4aa400e000 Exception <a 'java/lang/NoSuchMethodError': <clinit>> (0x00000000d80bc118) thrown at [/HUDSON/workspace/8-2-build-linux-amd64/jdk8u171/10807/hotspot/src/share/vm/prims/jni.cpp, line 1613]
Event: 2,078 Thread 0x00007f4aa400e000 Exception <a 'java/net/BindException'> (0x00000000d8581ad0) thrown at [/HUDSON/workspace/8-2-build-linux-amd64/jdk8u171/10807/hotspot/src/share/vm/prims/jni.cpp, line 709]
Event: 2,078 Thread 0x00007f4aa400e000 Exception <a 'java/net/BindException'> (0x00000000d85823d8) thrown at [/HUDSON/workspace/8-2-build-linux-amd64/jdk8u171/10807/hotspot/src/share/vm/prims/jni.cpp, line 709]
Event: 2,078 Thread 0x00007f4aa400e000 Exception <a 'java/net/BindException'> (0x00000000d8582bb0) thrown at [/HUDSON/workspace/8-2-build-linux-amd64/jdk8u171/10807/hotspot/src/share/vm/prims/jni.cpp, line 709]
Event: 2,078 Thread 0x00007f4aa400e000 Exception <a 'java/net/BindException'> (0x00000000d8583388) thrown at [/HUDSON/workspace/8-2-build-linux-amd64/jdk8u171/10807/hotspot/src/share/vm/prims/jni.cpp, line 709]
Event: 2,094 Thread 0x00007f4aa400e000 Exception <a 'java/lang/NoSuchMethodError': <clinit>> (0x00000000d86161f8) thrown at [/HUDSON/workspace/8-2-build-linux-amd64/jdk8u171/10807/hotspot/src/share/vm/prims/jni.cpp, line 1613]
Event: 2,095 Thread 0x00007f4aa4d88800 Exception <a 'java/lang/NoSuchMethodError': <clinit>> (0x00000000d8739ff8) thrown at [/HUDSON/workspace/8-2-build-linux-amd64/jdk8u171/10807/hotspot/src/share/vm/prims/jni.cpp, line 1613]
Event: 2,604 Thread 0x00007f4aa400e000 Exception <a 'java/net/SocketTimeoutException': Receive timed out> (0x00000000d86a28b8) thrown at [/HUDSON/workspace/8-2-build-linux-amd64/jdk8u171/10807/hotspot/src/share/vm/prims/jni.cpp, line 735]
Event: 3,328 Thread 0x00007f4aa400e000 Exception <a 'java/net/SocketTimeoutException': Receive timed out> (0x00000000d87e3818) thrown at [/HUDSON/workspace/8-2-build-linux-amd64/jdk8u171/10807/hotspot/src/share/vm/prims/jni.cpp, line 735]
Event: 4,486 Thread 0x00007f4aa4d80000 Implicit null exception at 0x00007f4a955de1cc to 0x00007f4a955de255

Events (10 events):
Event: 2719,857 Executing VM operation: RevokeBias done
Event: 2719,999 Thread 0x00007f4a2c00b000 Thread added: 0x00007f4a2c00b000
Event: 2720,031 Thread 0x00007f4a2c005000 Thread exited: 0x00007f4a2c005000
Event: 2729,702 Executing VM operation: BulkRevokeBias
Event: 2730,116 Executing VM operation: BulkRevokeBias done
Event: 2730,657 Thread 0x00007f4a2c005000 Thread added: 0x00007f4a2c005000
Event: 2730,664 Thread 0x00007f4a2c005800 Thread exited: 0x00007f4a2c005800
Event: 2739,781 Thread 0x00007f4a2c006800 Thread exited: 0x00007f4a2c006800
Event: 2741,602 Thread 0x00007f4a2c006800 Thread added: 0x00007f4a2c006800
Event: 2745,928 Executing VM operation: ParallelGCFailedAllocation


Dynamic libraries:
00400000-00401000 r-xp 00000000 08:06 4592277                            /usr/lib/jvm/java-8-oracle/bin/java
00600000-00601000 rw-p 00000000 08:06 4592277                            /usr/lib/jvm/java-8-oracle/bin/java
00bf8000-00c19000 rw-p 00000000 00:00 0                                  [heap]
84a00000-8a800000 rw-p 00000000 00:00 0 
8a800000-d6e00000 ---p 00000000 00:00 0 
d6e00000-e6200000 rw-p 00000000 00:00 0 
ed000000-100000000 ---p 00000000 00:00 0 
100000000-10042a000 rw-p 00000000 00:00 0 
10042a000-140000000 ---p 00000000 00:00 0 
7f49fa493000-7f49fa496000 ---p 00000000 00:00 0 
7f49fa496000-7f49fa714000 rw-p 00000000 00:00 0 
7f49fa714000-7f49fa794000 ---p 00000000 00:00 0 
7f49fa794000-7f49fa7aa000 r-xp 00000000 08:06 266775                     /lib/x86_64-linux-gnu/libgcc_s.so.1
7f49fa7aa000-7f49fa9a9000 ---p 00016000 08:06 266775                     /lib/x86_64-linux-gnu/libgcc_s.so.1
7f49fa9a9000-7f49fa9aa000 rw-p 00015000 08:06 266775                     /lib/x86_64-linux-gnu/libgcc_s.so.1
7f49fa9aa000-7f49fa9dc000 r-xp 00000000 08:06 5115808                    /usr/lib/jvm/java-8-oracle/jre/lib/amd64/libsunec.so
7f49fa9dc000-7f49fabdb000 ---p 00032000 08:06 5115808                    /usr/lib/jvm/java-8-oracle/jre/lib/amd64/libsunec.so
7f49fabdb000-7f49fabe1000 rw-p 00031000 08:06 5115808                    /usr/lib/jvm/java-8-oracle/jre/lib/amd64/libsunec.so
7f49fabe1000-7f49fadf1000 rw-p 00000000 00:00 0 
7f49fadf1000-7f49fadf4000 ---p 00000000 00:00 0 
7f49fadf4000-7f49faef2000 rw-p 00000000 00:00 0 
7f49faef2000-7f49faef5000 ---p 00000000 00:00 0 
7f49faef5000-7f49faff3000 rw-p 00000000 00:00 0 
7f49faff3000-7f49faff6000 ---p 00000000 00:00 0 
7f49faff6000-7f49fb2f4000 rw-p 00000000 00:00 0 
7f49fb2f4000-7f49fb2f7000 ---p 00000000 00:00 0 
7f49fb2f7000-7f49fb3f5000 rw-p 00000000 00:00 0 
7f49fb3f5000-7f49fb3f8000 ---p 00000000 00:00 0 
7f49fb3f8000-7f49fb4f6000 rw-p 00000000 00:00 0 
7f49fb4f6000-7f49fb4f9000 ---p 00000000 00:00 0 
7f49fb4f9000-7f49fb5f7000 rw-p 00000000 00:00 0 
7f49fb5f7000-7f49fb5fa000 ---p 00000000 00:00 0 
7f49fb5fa000-7f49fb6f8000 rw-p 00000000 00:00 0 
7f49fb6f8000-7f49fb6fb000 ---p 00000000 00:00 0 
7f49fb6fb000-7f49fb7f9000 rw-p 00000000 00:00 0 
7f49fb7f9000-7f49fb7fc000 ---p 00000000 00:00 0 
7f49fb7fc000-7f49fb8fa000 rw-p 00000000 00:00 0 
7f49fb8fa000-7f49fb8fd000 ---p 00000000 00:00 0 
7f49fb8fd000-7f49fb9fb000 rw-p 00000000 00:00 0 
7f49fb9fb000-7f49fb9fe000 ---p 00000000 00:00 0 
7f49fb9fe000-7f49fbafc000 rw-p 00000000 00:00 0 
7f49fbafc000-7f49fbaff000 ---p 00000000 00:00 0 
7f49fbaff000-7f49fbbfd000 rw-p 00000000 00:00 0 
7f49fbbfd000-7f49fbc00000 ---p 00000000 00:00 0 
7f49fbc00000-7f49fbcfe000 rw-p 00000000 00:00 0 
7f49fbcfe000-7f49fbd01000 ---p 00000000 00:00 0 
7f49fbd01000-7f49fbfff000 rw-p 00000000 00:00 0 
7f49fbfff000-7f4a0c000000 rw-p 00000000 00:00 0 
7f4a0c000000-7f4a0c021000 rw-p 00000000 00:00 0 
7f4a0c021000-7f4a10000000 ---p 00000000 00:00 0 
7f4a100ec000-7f4a100ef000 ---p 00000000 00:00 0 
7f4a100ef000-7f4a103ed000 rw-p 00000000 00:00 0 
7f4a103ed000-7f4a12bee000 rw-p 00000000 00:00 0 
7f4a12bee000-7f4a12bf1000 ---p 00000000 00:00 0 
7f4a12bf1000-7f4a12cef000 rw-p 00000000 00:00 0 
7f4a12cef000-7f4a12cf2000 ---p 00000000 00:00 0 
7f4a12cf2000-7f4a12df0000 rw-p 00000000 00:00 0 
7f4a12df0000-7f4a12df3000 ---p 00000000 00:00 0 
7f4a12df3000-7f4a12ef1000 rw-p 00000000 00:00 0 
7f4a12ef1000-7f4a12ef4000 ---p 00000000 00:00 0 
7f4a12ef4000-7f4a12ff2000 rw-p 00000000 00:00 0 
7f4a12ff2000-7f4a12ff5000 ---p 00000000 00:00 0 
7f4a12ff5000-7f4a130f3000 rw-p 00000000 00:00 0 
7f4a130f3000-7f4a130f6000 ---p 00000000 00:00 0 
7f4a130f6000-7f4a133f4000 rw-p 00000000 00:00 0 
7f4a133f4000-7f4a133f7000 ---p 00000000 00:00 0 
7f4a133f7000-7f4a134f5000 rw-p 00000000 00:00 0 
7f4a134f5000-7f4a134f8000 ---p 00000000 00:00 0 
7f4a134f8000-7f4a135f6000 rw-p 00000000 00:00 0 
7f4a135f6000-7f4a135f9000 ---p 00000000 00:00 0 
7f4a135f9000-7f4a136f7000 rw-p 00000000 00:00 0 
7f4a136f7000-7f4a136fa000 ---p 00000000 00:00 0 
7f4a136fa000-7f4a137f8000 rw-p 00000000 00:00 0 
7f4a137f8000-7f4a137fb000 ---p 00000000 00:00 0 
7f4a137fb000-7f4a138f9000 rw-p 00000000 00:00 0 
7f4a138f9000-7f4a138fc000 ---p 00000000 00:00 0 
7f4a138fc000-7f4a139fa000 rw-p 00000000 00:00 0 
7f4a139fa000-7f4a139fd000 ---p 00000000 00:00 0 
7f4a139fd000-7f4a13afb000 rw-p 00000000 00:00 0 
7f4a13afb000-7f4a13afe000 ---p 00000000 00:00 0 
7f4a13afe000-7f4a13bfc000 rw-p 00000000 00:00 0 
7f4a13bfc000-7f4a13bff000 ---p 00000000 00:00 0 
7f4a13bff000-7f4a13cfd000 rw-p 00000000 00:00 0 
7f4a13cfd000-7f4a13d00000 ---p 00000000 00:00 0 
7f4a13d00000-7f4a13dfe000 rw-p 00000000 00:00 0 
7f4a13dfe000-7f4a13e01000 ---p 00000000 00:00 0 
7f4a13e01000-7f4a13eff000 rw-p 00000000 00:00 0 
7f4a13eff000-7f4a13f02000 ---p 00000000 00:00 0 
7f4a13f02000-7f4a14000000 rw-p 00000000 00:00 0 
7f4a14000000-7f4a14021000 rw-p 00000000 00:00 0 
7f4a14021000-7f4a18000000 ---p 00000000 00:00 0 
7f4a18000000-7f4a1803a000 rw-p 00000000 00:00 0 
7f4a1803a000-7f4a1c000000 ---p 00000000 00:00 0 
7f4a1c000000-7f4a1c0cd000 rw-p 00000000 00:00 0 
7f4a1c0cd000-7f4a20000000 ---p 00000000 00:00 0 
7f4a20000000-7f4a20021000 rw-p 00000000 00:00 0 
7f4a20021000-7f4a24000000 ---p 00000000 00:00 0 
7f4a24000000-7f4a24174000 rw-p 00000000 00:00 0 
7f4a24174000-7f4a28000000 ---p 00000000 00:00 0 
7f4a28000000-7f4a28021000 rw-p 00000000 00:00 0 
7f4a28021000-7f4a2c000000 ---p 00000000 00:00 0 
7f4a2c000000-7f4a2c021000 rw-p 00000000 00:00 0 
7f4a2c021000-7f4a30000000 ---p 00000000 00:00 0 
7f4a30000000-7f4a30290000 rw-p 00000000 00:00 0 
7f4a30290000-7f4a34000000 ---p 00000000 00:00 0 
7f4a34000000-7f4a34021000 rw-p 00000000 00:00 0 
7f4a34021000-7f4a38000000 ---p 00000000 00:00 0 
7f4a38000000-7f4a3804a000 rw-p 00000000 00:00 0 
7f4a3804a000-7f4a3c000000 ---p 00000000 00:00 0 
7f4a3c000000-7f4a3c029000 rw-p 00000000 00:00 0 
7f4a3c029000-7f4a40000000 ---p 00000000 00:00 0 
7f4a40000000-7f4a40021000 rw-p 00000000 00:00 0 
7f4a40021000-7f4a44000000 ---p 00000000 00:00 0 
7f4a44000000-7f4a44021000 rw-p 00000000 00:00 0 
7f4a44021000-7f4a48000000 ---p 00000000 00:00 0 
7f4a48000000-7f4a48032000 rw-p 00000000 00:00 0 
7f4a48032000-7f4a4c000000 ---p 00000000 00:00 0 
7f4a4c000000-7f4a4c021000 rw-p 00000000 00:00 0 
7f4a4c021000-7f4a50000000 ---p 00000000 00:00 0 
7f4a50000000-7f4a50025000 rw-p 00000000 00:00 0 
7f4a50025000-7f4a54000000 ---p 00000000 00:00 0 
7f4a54000000-7f4a54021000 rw-p 00000000 00:00 0 
7f4a54021000-7f4a58000000 ---p 00000000 00:00 0 
7f4a58000000-7f4a59be2000 rw-p 00000000 00:00 0 
7f4a59be2000-7f4a5c000000 ---p 00000000 00:00 0 
7f4a5c0d8000-7f4a5c0db000 ---p 00000000 00:00 0 
7f4a5c0db000-7f4a5c1d9000 rw-p 00000000 00:00 0 
7f4a5c1d9000-7f4a5c1dc000 ---p 00000000 00:00 0 
7f4a5c1dc000-7f4a5c2da000 rw-p 00000000 00:00 0 
7f4a5c2da000-7f4a5c2dd000 ---p 00000000 00:00 0 
7f4a5c2dd000-7f4a5c5db000 rw-p 00000000 00:00 0 
7f4a5c5db000-7f4a5c7db000 rw-p 00000000 00:00 0 
7f4a5c7db000-7f4a5c9db000 rw-p 00000000 00:00 0 
7f4a5c9db000-7f4a5c9de000 ---p 00000000 00:00 0 
7f4a5c9de000-7f4a5cadc000 rw-p 00000000 00:00 0 
7f4a5cadc000-7f4a5cadf000 ---p 00000000 00:00 0 
7f4a5cadf000-7f4a5cbdd000 rw-p 00000000 00:00 0 
7f4a5cbdd000-7f4a5cbf4000 r-xp 00000000 08:06 266887                     /lib/x86_64-linux-gnu/libresolv-2.23.so
7f4a5cbf4000-7f4a5cdf4000 ---p 00017000 08:06 266887                     /lib/x86_64-linux-gnu/libresolv-2.23.so
7f4a5cdf4000-7f4a5cdf5000 r--p 00017000 08:06 266887                     /lib/x86_64-linux-gnu/libresolv-2.23.so
7f4a5cdf5000-7f4a5cdf6000 rw-p 00018000 08:06 266887                     /lib/x86_64-linux-gnu/libresolv-2.23.so
7f4a5cdf6000-7f4a5cdf8000 rw-p 00000000 00:00 0 
7f4a5cdf8000-7f4a5cdfd000 r-xp 00000000 08:06 266832                     /lib/x86_64-linux-gnu/libnss_dns-2.23.so
7f4a5cdfd000-7f4a5cffd000 ---p 00005000 08:06 266832                     /lib/x86_64-linux-gnu/libnss_dns-2.23.so
7f4a5cffd000-7f4a5cffe000 r--p 00005000 08:06 266832                     /lib/x86_64-linux-gnu/libnss_dns-2.23.so
7f4a5cffe000-7f4a5cfff000 rw-p 00006000 08:06 266832                     /lib/x86_64-linux-gnu/libnss_dns-2.23.so
7f4a5cfff000-7f4a60000000 rw-p 00000000 00:00 0 
7f4a60000000-7f4a6205e000 rw-p 00000000 00:00 0 
7f4a6205e000-7f4a64000000 ---p 00000000 00:00 0 
7f4a64000000-7f4a65e2c000 rw-p 00000000 00:00 0 
7f4a65e2c000-7f4a68000000 ---p 00000000 00:00 0 
7f4a68000000-7f4a68021000 rw-p 00000000 00:00 0 
7f4a68021000-7f4a6c000000 ---p 00000000 00:00 0 
7f4a6c000000-7f4a6c031000 rw-p 00000000 00:00 0 
7f4a6c031000-7f4a70000000 ---p 00000000 00:00 0 
7f4a70000000-7f4a70021000 rw-p 00000000 00:00 0 
7f4a70021000-7f4a74000000 ---p 00000000 00:00 0 
7f4a74000000-7f4a74021000 rw-p 00000000 00:00 0 
7f4a74021000-7f4a78000000 ---p 00000000 00:00 0 
7f4a78000000-7f4a78021000 rw-p 00000000 00:00 0 
7f4a78021000-7f4a7c000000 ---p 00000000 00:00 0 
7f4a7c000000-7f4a7c30a000 rw-p 00000000 00:00 0 
7f4a7c30a000-7f4a80000000 ---p 00000000 00:00 0 
7f4a80000000-7f4a80028000 rw-p 00000000 00:00 0 
7f4a80028000-7f4a84000000 ---p 00000000 00:00 0 
7f4a8405a000-7f4a84076000 r--s 00393000 08:06 5115702                    /usr/lib/jvm/java-8-oracle/jre/lib/ext/cldrdata.jar
7f4a84076000-7f4a84079000 ---p 00000000 00:00 0 
7f4a84079000-7f4a84177000 rw-p 00000000 00:00 0 
7f4a84177000-7f4a84179000 r-xp 00000000 08:06 266840                     /lib/x86_64-linux-gnu/libnss_mdns4_minimal.so.2
7f4a84179000-7f4a84378000 ---p 00002000 08:06 266840                     /lib/x86_64-linux-gnu/libnss_mdns4_minimal.so.2
7f4a84378000-7f4a84379000 r--p 00001000 08:06 266840                     /lib/x86_64-linux-gnu/libnss_mdns4_minimal.so.2
7f4a84379000-7f4a8437a000 rw-p 00002000 08:06 266840                     /lib/x86_64-linux-gnu/libnss_mdns4_minimal.so.2
7f4a84389000-7f4a8438e000 r--s 0003f000 08:06 5115710                    /usr/lib/jvm/java-8-oracle/jre/lib/ext/sunjce_provider.jar
7f4a8438e000-7f4a84390000 r--s 00009000 08:06 5115700                    /usr/lib/jvm/java-8-oracle/jre/lib/ext/sunec.jar
7f4a84390000-7f4a84393000 r--s 0001a000 08:06 5115873                    /usr/lib/jvm/java-8-oracle/jre/lib/jce.jar
7f4a84393000-7f4a84396000 ---p 00000000 00:00 0 
7f4a84396000-7f4a84494000 rw-p 00000000 00:00 0 
7f4a84494000-7f4a84497000 ---p 00000000 00:00 0 
7f4a84497000-7f4a84595000 rw-p 00000000 00:00 0 
7f4a84595000-7f4a84598000 ---p 00000000 00:00 0 
7f4a84598000-7f4a84696000 rw-p 00000000 00:00 0 
7f4a84696000-7f4a84699000 ---p 00000000 00:00 0 
7f4a84699000-7f4a84797000 rw-p 00000000 00:00 0 
7f4a84797000-7f4a8479a000 ---p 00000000 00:00 0 
7f4a8479a000-7f4a84a98000 rw-p 00000000 00:00 0 
7f4a84a98000-7f4a84a9b000 ---p 00000000 00:00 0 
7f4a84a9b000-7f4a84b99000 rw-p 00000000 00:00 0 
7f4a84b99000-7f4a84b9c000 ---p 00000000 00:00 0 
7f4a84b9c000-7f4a84c9a000 rw-p 00000000 00:00 0 
7f4a84c9a000-7f4a84c9d000 ---p 00000000 00:00 0 
7f4a84c9d000-7f4a84d9b000 rw-p 00000000 00:00 0 
7f4a84d9b000-7f4a84d9e000 ---p 00000000 00:00 0 
7f4a84d9e000-7f4a84e9c000 rw-p 00000000 00:00 0 
7f4a84e9c000-7f4a84e9f000 ---p 00000000 00:00 0 
7f4a84e9f000-7f4a84f9d000 rw-p 00000000 00:00 0 
7f4a84f9d000-7f4a84fa0000 ---p 00000000 00:00 0 
7f4a84fa0000-7f4a8509e000 rw-p 00000000 00:00 0 
7f4a8509e000-7f4a850a1000 ---p 00000000 00:00 0 
7f4a850a1000-7f4a8519f000 rw-p 00000000 00:00 0 
7f4a8519f000-7f4a851a2000 ---p 00000000 00:00 0 
7f4a851a2000-7f4a852a0000 rw-p 00000000 00:00 0 
7f4a852a0000-7f4a852a3000 ---p 00000000 00:00 0 
7f4a852a3000-7f4a853a1000 rw-p 00000000 00:00 0 
7f4a853a1000-7f4a853a4000 ---p 00000000 00:00 0 
7f4a853a4000-7f4a854a2000 rw-p 00000000 00:00 0 
7f4a854a2000-7f4a854a5000 ---p 00000000 00:00 0 
7f4a854a5000-7f4a855a3000 rw-p 00000000 00:00 0 
7f4a855a3000-7f4a855a6000 ---p 00000000 00:00 0 
7f4a855a6000-7f4a856a4000 rw-p 00000000 00:00 0 
7f4a856a4000-7f4a856a7000 ---p 00000000 00:00 0 
7f4a856a7000-7f4a857a5000 rw-p 00000000 00:00 0 
7f4a857a5000-7f4a857a8000 ---p 00000000 00:00 0 
7f4a857a8000-7f4a858a6000 rw-p 00000000 00:00 0 
7f4a858a6000-7f4a858a9000 ---p 00000000 00:00 0 
7f4a858a9000-7f4a859a7000 rw-p 00000000 00:00 0 
7f4a859a7000-7f4a859aa000 ---p 00000000 00:00 0 
7f4a859aa000-7f4a85aa8000 rw-p 00000000 00:00 0 
7f4a85aa8000-7f4a85aab000 ---p 00000000 00:00 0 
7f4a85aab000-7f4a85ba9000 rw-p 00000000 00:00 0 
7f4a85ba9000-7f4a85bac000 ---p 00000000 00:00 0 
7f4a85bac000-7f4a85caa000 rw-p 00000000 00:00 0 
7f4a85caa000-7f4a85cad000 ---p 00000000 00:00 0 
7f4a85cad000-7f4a85dab000 rw-p 00000000 00:00 0 
7f4a85dab000-7f4a85dae000 ---p 00000000 00:00 0 
7f4a85dae000-7f4a85eac000 rw-p 00000000 00:00 0 
7f4a85eac000-7f4a85eaf000 ---p 00000000 00:00 0 
7f4a85eaf000-7f4a85fad000 rw-p 00000000 00:00 0 
7f4a85fad000-7f4a85fb0000 ---p 00000000 00:00 0 
7f4a85fb0000-7f4a860ae000 rw-p 00000000 00:00 0 
7f4a860ae000-7f4a860b1000 ---p 00000000 00:00 0 
7f4a860b1000-7f4a863af000 rw-p 00000000 00:00 0 
7f4a863af000-7f4a863b8000 r-xp 00000000 08:06 5115865                    /usr/lib/jvm/java-8-oracle/jre/lib/amd64/libmanagement.so
7f4a863b8000-7f4a865b7000 ---p 00009000 08:06 5115865                    /usr/lib/jvm/java-8-oracle/jre/lib/amd64/libmanagement.so
7f4a865b7000-7f4a865b8000 rw-p 00008000 08:06 5115865                    /usr/lib/jvm/java-8-oracle/jre/lib/amd64/libmanagement.so
7f4a865b8000-7f4a865bb000 ---p 00000000 00:00 0 
7f4a865bb000-7f4a868b9000 rw-p 00000000 00:00 0 
7f4a868b9000-7f4a86ab9000 rw-p 00000000 00:00 0 
7f4a86ab9000-7f4a86abe000 r--s 0009d000 08:06 5115698                    /usr/lib/jvm/java-8-oracle/jre/lib/jsse.jar
7f4a86abe000-7f4a86acf000 r-xp 00000000 08:06 5115860                    /usr/lib/jvm/java-8-oracle/jre/lib/amd64/libnio.so
7f4a86acf000-7f4a86cce000 ---p 00011000 08:06 5115860                    /usr/lib/jvm/java-8-oracle/jre/lib/amd64/libnio.so
7f4a86cce000-7f4a86ccf000 rw-p 00010000 08:06 5115860                    /usr/lib/jvm/java-8-oracle/jre/lib/amd64/libnio.so
7f4a86ccf000-7f4a86cea000 r--s 001d4000 08:06 5115705                    /usr/lib/jvm/java-8-oracle/jre/lib/ext/nashorn.jar
7f4a86cea000-7f4a86cf4000 r--s 00116000 08:06 5115709                    /usr/lib/jvm/java-8-oracle/jre/lib/ext/localedata.jar
7f4a86cf4000-7f4a86cf5000 ---p 00000000 00:00 0 
7f4a86cf5000-7f4a86df5000 rw-p 00000000 00:00 0 
7f4a86df5000-7f4a86e0b000 r-xp 00000000 08:06 5115857                    /usr/lib/jvm/java-8-oracle/jre/lib/amd64/libnet.so
7f4a86e0b000-7f4a8700b000 ---p 00016000 08:06 5115857                    /usr/lib/jvm/java-8-oracle/jre/lib/amd64/libnet.so
7f4a8700b000-7f4a8700c000 rw-p 00016000 08:06 5115857                    /usr/lib/jvm/java-8-oracle/jre/lib/amd64/libnet.so
7f4a8700c000-7f4a8700f000 ---p 00000000 00:00 0 
7f4a8700f000-7f4a8710d000 rw-p 00000000 00:00 0 
7f4a8710d000-7f4a87110000 ---p 00000000 00:00 0 
7f4a87110000-7f4a8720e000 rw-p 00000000 00:00 0 
7f4a8720e000-7f4a87211000 ---p 00000000 00:00 0 
7f4a87211000-7f4a8730f000 rw-p 00000000 00:00 0 
7f4a8730f000-7f4a87312000 ---p 00000000 00:00 0 
7f4a87312000-7f4a87410000 rw-p 00000000 00:00 0 
7f4a87410000-7f4a87413000 ---p 00000000 00:00 0 
7f4a87413000-7f4a87511000 rw-p 00000000 00:00 0 
7f4a87511000-7f4a87513000 r--s 0001a000 08:06 5114153                    /home/veilly/idea/lib/idea_rt.jar
7f4a87513000-7f4a8751a000 r--s 00097000 08:06 1051786                    /home/veilly/.m2/repository/org/postgresql/postgresql/9.4.1208.jre7/postgresql-9.4.1208.jre7.jar
7f4a8751a000-7f4a87524000 r--s 000e8000 08:06 1051784                    /home/veilly/.m2/repository/mysql/mysql-connector-java/5.1.39/mysql-connector-java-5.1.39.jar
7f4a87524000-7f4a87526000 r--s 0000d000 08:06 1051781                    /home/veilly/.m2/repository/com/beust/jcommander/1.32/jcommander-1.32.jar
7f4a87526000-7f4a8752e000 r--s 00028000 08:06 6604480                    /home/veilly/.m2/repository/xml-apis/xml-apis/1.3.04/xml-apis-1.3.04.jar
7f4a8752e000-7f4a8753f000 r--s 00169000 08:06 1051780                    /home/veilly/.m2/repository/org/jfree/jfreechart/1.0.17/jfreechart-1.0.17.jar
7f4a8753f000-7f4a87545000 r--s 0004a000 08:06 1051777                    /home/veilly/.m2/repository/org/jfree/jcommon/1.0.21/jcommon-1.0.21.jar
7f4a87545000-7f4a8754a000 r--s 00048000 08:06 6606725                    /home/veilly/.m2/repository/dom4j/dom4j/1.6.1/dom4j-1.6.1.jar
7f4a8754a000-7f4a87553000 r--s 00098000 08:06 1051775                    /home/veilly/.m2/repository/org/javassist/javassist/3.16.1-GA/javassist-3.16.1-GA.jar
7f4a87553000-7f4a87556000 r--s 0001b000 08:06 1051773                    /home/veilly/.m2/repository/org/reflections/reflections/0.9.9-RC1/reflections-0.9.9-RC1.jar
7f4a87556000-7f4a87559000 r--s 00019000 08:06 1051771                    /home/veilly/.m2/repository/org/yardstickframework/yardstick/0.8.3/yardstick-0.8.3.jar
7f4a87559000-7f4a8755a000 r--s 00005000 08:06 1050048                    /home/veilly/.m2/repository/com/zaxxer/SparseBitSet/1.0/SparseBitSet-1.0.jar
7f4a8755a000-7f4a8755c000 r--s 00006000 08:06 5947290                    /home/veilly/.m2/repository/org/apache/commons/commons-rng-simple/1.0/commons-rng-simple-1.0.jar
7f4a8755c000-7f4a8755e000 r--s 00001000 08:06 5816825                    /home/veilly/.m2/repository/org/apache/commons/commons-rng-client-api/1.0/commons-rng-client-api-1.0.jar
7f4a8755e000-7f4a87570000 r--s 00112000 08:06 5260080                    /home/veilly/.m2/repository/net/sourceforge/f2j/arpack_combined_all/0.1/arpack_combined_all-0.1.jar
7f4a87570000-7f4a87572000 r--s 00027000 08:06 1050046                    /home/veilly/.m2/repository/com/github/fommil/netlib/core/1.1.2/core-1.1.2.jar
7f4a87572000-7f4a8769a000 r--s 00fe3000 08:06 1050042                    /home/veilly/.m2/repository/it/unimi/dsi/fastutil/7.0.12/fastutil-7.0.12.jar
7f4a8769a000-7f4a876a5000 r--s 00084000 08:06 1051690                    /home/veilly/.m2/repository/org/apache/ignite/ignite-ml/2.5.0-SNAPSHOT/ignite-ml-2.5.0-SNAPSHOT.jar
7f4a876a5000-7f4a876a7000 r--s 00005000 08:06 1049115                    /home/veilly/.m2/repository/org/apache/ignite/ignite-log4j/2.5.0-SNAPSHOT/ignite-log4j-2.5.0-SNAPSHOT.jar
7f4a876a7000-7f4a876b0000 r--s 0006f000 08:06 6346860                    /home/veilly/.m2/repository/log4j/log4j/1.2.17/log4j-1.2.17.jar
7f4a876b0000-7f4a876b2000 r--s 00001000 08:06 6346856                    /home/veilly/.m2/repository/org/slf4j/slf4j-log4j12/1.7.7/slf4j-log4j12-1.7.7.jar
7f4a876b2000-7f4a876ca000 r--s 00110000 08:06 1049648                    /home/veilly/.m2/repository/io/netty/netty/3.7.0.Final/netty-3.7.0.Final.jar
7f4a876ca000-7f4a876d6000 r--s 000b6000 08:06 5260066                    /home/veilly/.m2/repository/org/apache/zookeeper/zookeeper/3.4.6/zookeeper-3.4.6.jar
7f4a876d6000-7f4a876e4000 r--s 000b1000 08:06 1049644                    /home/veilly/.m2/repository/org/codehaus/jackson/jackson-mapper-asl/1.9.13/jackson-mapper-asl-1.9.13.jar
7f4a876e4000-7f4a876e8000 r--s 00035000 08:06 1049642                    /home/veilly/.m2/repository/org/codehaus/jackson/jackson-core-asl/1.9.13/jackson-core-asl-1.9.13.jar
7f4a876e8000-7f4a87713000 r--s 001f5000 08:06 6347081                    /home/veilly/.m2/repository/com/google/guava/guava/16.0.1/guava-16.0.1.jar
7f4a87713000-7f4a87716000 r--s 0000f000 08:06 5260067                    /home/veilly/.m2/repository/org/apache/curator/curator-client/2.9.1/curator-client-2.9.1.jar
7f4a87716000-7f4a87719000 r--s 0000c000 08:06 5260065                    /home/veilly/.m2/repository/org/apache/curator/curator-x-discovery/2.9.1/curator-x-discovery-2.9.1.jar
7f4a87719000-7f4a87720000 r--s 0003d000 08:06 5260063                    /home/veilly/.m2/repository/org/apache/curator/curator-recipes/2.9.1/curator-recipes-2.9.1.jar
7f4a87720000-7f4a87725000 r--s 0002a000 08:06 5260061                    /home/veilly/.m2/repository/org/apache/curator/curator-framework/2.9.1/curator-framework-2.9.1.jar
7f4a87725000-7f4a87729000 r--s 0002c000 08:06 1049987                    /home/veilly/.m2/repository/org/apache/ignite/ignite-zookeeper/2.5.0-SNAPSHOT/ignite-zookeeper-2.5.0-SNAPSHOT.jar
7f4a87729000-7f4a87731000 r--s 00053000 08:06 1052076                    /home/veilly/.m2/repository/org/apache/ignite/ignite-yardstick/2.5.0-SNAPSHOT/ignite-yardstick-2.5.0-SNAPSHOT.jar
7f4a87731000-7f4a87734000 ---p 00000000 00:00 0 
7f4a87734000-7f4a87832000 rw-p 00000000 00:00 0 
7f4a87832000-7f4a87afb000 r--p 00000000 08:06 2237784                    /usr/lib/locale/locale-archive
7f4a87afb000-7f4a87afe000 ---p 00000000 00:00 0 
7f4a87afe000-7f4a87bfc000 rw-p 00000000 00:00 0 
7f4a87bfc000-7f4a87bff000 ---p 00000000 00:00 0 
7f4a87bff000-7f4a87cfd000 rw-p 00000000 00:00 0 
7f4a87cfd000-7f4a87cfe000 ---p 00000000 00:00 0 
7f4a87cfe000-7f4a88000000 rw-p 00000000 00:00 0 
7f4a88000000-7f4a88021000 rw-p 00000000 00:00 0 
7f4a88021000-7f4a8c000000 ---p 00000000 00:00 0 
7f4a8c000000-7f4a8c002000 r--s 00006000 08:06 6346862                    /home/veilly/.m2/repository/org/slf4j/slf4j-api/1.7.7/slf4j-api-1.7.7.jar
7f4a8c002000-7f4a8c011000 r--s 001ae000 08:06 5816345                    /home/veilly/.m2/repository/com/h2database/h2/1.4.195/h2-1.4.195.jar
7f4a8c011000-7f4a8c015000 r--s 00035000 08:06 6604741                    /home/veilly/.m2/repository/org/apache/lucene/lucene-sandbox/5.5.2/lucene-sandbox-5.5.2.jar
7f4a8c015000-7f4a8c01c000 r--s 00037000 08:06 6604738                    /home/veilly/.m2/repository/org/apache/lucene/lucene-queries/5.5.2/lucene-queries-5.5.2.jar
7f4a8c01c000-7f4a8c026000 r--s 00059000 08:06 6604736                    /home/veilly/.m2/repository/org/apache/lucene/lucene-queryparser/5.5.2/lucene-queryparser-5.5.2.jar
7f4a8c026000-7f4a8c04e000 r--s 0021b000 08:06 6604718                    /home/veilly/.m2/repository/org/apache/lucene/lucene-core/5.5.2/lucene-core-5.5.2.jar
7f4a8c04e000-7f4a90000000 rw-p 00000000 00:00 0 
7f4a90000000-7f4a90021000 rw-p 00000000 00:00 0 
7f4a90021000-7f4a94000000 ---p 00000000 00:00 0 
7f4a94000000-7f4a94002000 r--s 00014000 08:06 1049646                    /home/veilly/.m2/repository/jline/jline/0.9.94/jline-0.9.94.jar
7f4a94002000-7f4a94014000 r--s 0016f000 08:06 6604732                    /home/veilly/.m2/repository/org/apache/lucene/lucene-analyzers-common/5.5.2/lucene-analyzers-common-5.5.2.jar
7f4a94014000-7f4a9401a000 r--s 00033000 08:06 6604722                    /home/veilly/.m2/repository/commons-codec/commons-codec/1.6/commons-codec-1.6.jar
7f4a9401a000-7f4a94024000 r--s 00096000 08:06 1049008                    /home/veilly/.m2/repository/org/apache/ignite/ignite-indexing/2.5.0-SNAPSHOT/ignite-indexing-2.5.0-SNAPSHOT.jar
7f4a94024000-7f4a9402e000 r--s 0005f000 08:06 6604730                    /home/veilly/.m2/repository/org/springframework/spring-jdbc/4.3.7.RELEASE/spring-jdbc-4.3.7.RELEASE.jar
7f4a9402e000-7f4a94048000 r--s 000fd000 08:06 6604720                    /home/veilly/.m2/repository/org/springframework/spring-context/4.3.7.RELEASE/spring-context-4.3.7.RELEASE.jar
7f4a94048000-7f4a940f9000 r--s 009ec000 08:06 7002529                    /home/veilly/.m2/repository/org/apache/ignite/ignite-core/2.5.0-SNAPSHOT/ignite-core-2.5.0-SNAPSHOT.jar
7f4a940f9000-7f4a95000000 rw-p 00000000 00:00 0 
7f4a95000000-7f4a95c50000 rwxp 00000000 00:00 0 
7f4a95c50000-7f4aa4000000 ---p 00000000 00:00 0 
7f4aa4000000-7f4aa4f9d000 rw-p 00000000 00:00 0 
7f4aa4f9d000-7f4aa8000000 ---p 00000000 00:00 0 
7f4aa8000000-7f4aa8001000 r--s 00009000 08:06 5669973                    /home/veilly/.m2/repository/org/apache/commons/commons-rng-core/1.0/commons-rng-core-1.0.jar
7f4aa8001000-7f4aa8003000 r--s 0000d000 08:06 6084161                    /home/veilly/.m2/repository/commons-logging/commons-logging/1.1.1/commons-logging-1.1.1.jar
7f4aa8003000-7f4aa800b000 r--s 0003a000 08:06 6604721                    /home/veilly/.m2/repository/org/springframework/spring-tx/4.3.7.RELEASE/spring-tx-4.3.7.RELEASE.jar
7f4aa800b000-7f4aa8010000 r--s 0003c000 08:06 6604707                    /home/veilly/.m2/repository/org/springframework/spring-expression/4.3.7.RELEASE/spring-expression-4.3.7.RELEASE.jar
7f4aa8010000-7f4aa801e000 r--s 000ad000 08:06 6604723                    /home/veilly/.m2/repository/org/springframework/spring-beans/4.3.7.RELEASE/spring-beans-4.3.7.RELEASE.jar
7f4aa801e000-7f4aa8027000 r--s 00054000 08:06 6604715                    /home/veilly/.m2/repository/org/springframework/spring-aop/4.3.7.RELEASE/spring-aop-4.3.7.RELEASE.jar
7f4aa8027000-7f4aa803e000 r--s 000fb000 08:06 6604719                    /home/veilly/.m2/repository/org/springframework/spring-core/4.3.7.RELEASE/spring-core-4.3.7.RELEASE.jar
7f4aa803e000-7f4aa8040000 r--s 0000a000 08:06 1049595                    /home/veilly/.m2/repository/org/apache/ignite/ignite-spring/2.5.0-SNAPSHOT/ignite-spring-2.5.0-SNAPSHOT.jar
7f4aa8040000-7f4aa8041000 r--s 0000e000 08:06 6604710                    /home/veilly/.m2/repository/org/gridgain/ignite-shmem/1.0.0/ignite-shmem-1.0.0.jar
7f4aa8041000-7f4aa8043000 r--s 00003000 08:06 6604704                    /home/veilly/.m2/repository/org/jetbrains/annotations/13.0/annotations-13.0.jar
7f4aa8043000-7f4aa8046000 r--s 0000a000 08:06 6604708                    /home/veilly/.m2/repository/javax/cache/cache-api/1.0.0/cache-api-1.0.0.jar
7f4aa8046000-7f4aa8059000 r--s 00345000 08:06 5115679                    /usr/lib/jvm/java-8-oracle/jre/lib/resources.jar
7f4aa8059000-7f4aa806c000 r--s 000d6000 08:06 5115583                    /usr/lib/jvm/java-8-oracle/jre/lib/plugin.jar
7f4aa806c000-7f4aa8087000 r--s 0020c000 08:06 5115559                    /usr/lib/jvm/java-8-oracle/jre/lib/deploy.jar
7f4aa8087000-7f4aa848b000 rw-p 00000000 00:00 0 
7f4aa848b000-7f4aa8665000 r--s 03d68000 08:06 5115641                    /usr/lib/jvm/java-8-oracle/jre/lib/rt.jar
7f4aa8665000-7f4aa8ab6000 rw-p 00000000 00:00 0 
7f4aa8ab6000-7f4aa8ab7000 ---p 00000000 00:00 0 
7f4aa8ab7000-7f4aa8bb7000 rw-p 00000000 00:00 0 
7f4aa8bb7000-7f4aa8bb8000 ---p 00000000 00:00 0 
7f4aa8bb8000-7f4aa8cb8000 rw-p 00000000 00:00 0 
7f4aa8cb8000-7f4aa8cb9000 ---p 00000000 00:00 0 
7f4aa8cb9000-7f4aa8db9000 rw-p 00000000 00:00 0 
7f4aa8db9000-7f4aa8dba000 ---p 00000000 00:00 0 
7f4aa8dba000-7f4aa8ee9000 rw-p 00000000 00:00 0 
7f4aa8ee9000-7f4aa914c000 ---p 00000000 00:00 0 
7f4aa914c000-7f4aa917b000 rw-p 00000000 00:00 0 
7f4aa917b000-7f4aa93de000 ---p 00000000 00:00 0 
7f4aa93de000-7f4aa9458000 rw-p 00000000 00:00 0 
7f4aa9458000-7f4aa9527000 ---p 00000000 00:00 0 
7f4aa9527000-7f4aa955a000 rw-p 00000000 00:00 0 
7f4aa955a000-7f4aa98e8000 ---p 00000000 00:00 0 
7f4aa98e8000-7f4aa9903000 r-xp 00000000 08:06 5115853                    /usr/lib/jvm/java-8-oracle/jre/lib/amd64/libzip.so
7f4aa9903000-7f4aa9b03000 ---p 0001b000 08:06 5115853                    /usr/lib/jvm/java-8-oracle/jre/lib/amd64/libzip.so
7f4aa9b03000-7f4aa9b04000 rw-p 0001b000 08:06 5115853                    /usr/lib/jvm/java-8-oracle/jre/lib/amd64/libzip.so
7f4aa9b04000-7f4aa9b0f000 r-xp 00000000 08:06 266834                     /lib/x86_64-linux-gnu/libnss_files-2.23.so
7f4aa9b0f000-7f4aa9d0e000 ---p 0000b000 08:06 266834                     /lib/x86_64-linux-gnu/libnss_files-2.23.so
7f4aa9d0e000-7f4aa9d0f000 r--p 0000a000 08:06 266834                     /lib/x86_64-linux-gnu/libnss_files-2.23.so
7f4aa9d0f000-7f4aa9d10000 rw-p 0000b000 08:06 266834                     /lib/x86_64-linux-gnu/libnss_files-2.23.so
7f4aa9d10000-7f4aa9d16000 rw-p 00000000 00:00 0 
7f4aa9d16000-7f4aa9d21000 r-xp 00000000 08:06 266844                     /lib/x86_64-linux-gnu/libnss_nis-2.23.so
7f4aa9d21000-7f4aa9f20000 ---p 0000b000 08:06 266844                     /lib/x86_64-linux-gnu/libnss_nis-2.23.so
7f4aa9f20000-7f4aa9f21000 r--p 0000a000 08:06 266844                     /lib/x86_64-linux-gnu/libnss_nis-2.23.so
7f4aa9f21000-7f4aa9f22000 rw-p 0000b000 08:06 266844                     /lib/x86_64-linux-gnu/libnss_nis-2.23.so
7f4aa9f22000-7f4aa9f38000 r-xp 00000000 08:06 266828                     /lib/x86_64-linux-gnu/libnsl-2.23.so
7f4aa9f38000-7f4aaa137000 ---p 00016000 08:06 266828                     /lib/x86_64-linux-gnu/libnsl-2.23.so
7f4aaa137000-7f4aaa138000 r--p 00015000 08:06 266828                     /lib/x86_64-linux-gnu/libnsl-2.23.so
7f4aaa138000-7f4aaa139000 rw-p 00016000 08:06 266828                     /lib/x86_64-linux-gnu/libnsl-2.23.so
7f4aaa139000-7f4aaa13b000 rw-p 00000000 00:00 0 
7f4aaa13b000-7f4aaa143000 r-xp 00000000 08:06 266830                     /lib/x86_64-linux-gnu/libnss_compat-2.23.so
7f4aaa143000-7f4aaa342000 ---p 00008000 08:06 266830                     /lib/x86_64-linux-gnu/libnss_compat-2.23.so
7f4aaa342000-7f4aaa343000 r--p 00007000 08:06 266830                     /lib/x86_64-linux-gnu/libnss_compat-2.23.so
7f4aaa343000-7f4aaa344000 rw-p 00008000 08:06 266830                     /lib/x86_64-linux-gnu/libnss_compat-2.23.so
7f4aaa344000-7f4aaa34e000 r-xp 00000000 08:06 5115862                    /usr/lib/jvm/java-8-oracle/jre/lib/amd64/libinstrument.so
7f4aaa34e000-7f4aaa54d000 ---p 0000a000 08:06 5115862                    /usr/lib/jvm/java-8-oracle/jre/lib/amd64/libinstrument.so
7f4aaa54d000-7f4aaa54e000 rw-p 00009000 08:06 5115862                    /usr/lib/jvm/java-8-oracle/jre/lib/amd64/libinstrument.so
7f4aaa54e000-7f4aaa579000 r-xp 00000000 08:06 5115847                    /usr/lib/jvm/java-8-oracle/jre/lib/amd64/libjava.so
7f4aaa579000-7f4aaa778000 ---p 0002b000 08:06 5115847                    /usr/lib/jvm/java-8-oracle/jre/lib/amd64/libjava.so
7f4aaa778000-7f4aaa77a000 rw-p 0002a000 08:06 5115847                    /usr/lib/jvm/java-8-oracle/jre/lib/amd64/libjava.so
7f4aaa77a000-7f4aaa787000 r-xp 00000000 08:06 5115852                    /usr/lib/jvm/java-8-oracle/jre/lib/amd64/libverify.so
7f4aaa787000-7f4aaa987000 ---p 0000d000 08:06 5115852                    /usr/lib/jvm/java-8-oracle/jre/lib/amd64/libverify.so
7f4aaa987000-7f4aaa989000 rw-p 0000d000 08:06 5115852                    /usr/lib/jvm/java-8-oracle/jre/lib/amd64/libverify.so
7f4aaa989000-7f4aaa990000 r-xp 00000000 08:06 266889                     /lib/x86_64-linux-gnu/librt-2.23.so
7f4aaa990000-7f4aaab8f000 ---p 00007000 08:06 266889                     /lib/x86_64-linux-gnu/librt-2.23.so
7f4aaab8f000-7f4aaab90000 r--p 00006000 08:06 266889                     /lib/x86_64-linux-gnu/librt-2.23.so
7f4aaab90000-7f4aaab91000 rw-p 00007000 08:06 266889                     /lib/x86_64-linux-gnu/librt-2.23.so
7f4aaab91000-7f4aaac99000 r-xp 00000000 08:06 266807                     /lib/x86_64-linux-gnu/libm-2.23.so
7f4aaac99000-7f4aaae98000 ---p 00108000 08:06 266807                     /lib/x86_64-linux-gnu/libm-2.23.so
7f4aaae98000-7f4aaae99000 r--p 00107000 08:06 266807                     /lib/x86_64-linux-gnu/libm-2.23.so
7f4aaae99000-7f4aaae9a000 rw-p 00108000 08:06 266807                     /lib/x86_64-linux-gnu/libm-2.23.so
7f4aaae9a000-7f4aabb73000 r-xp 00000000 08:06 5115829                    /usr/lib/jvm/java-8-oracle/jre/lib/amd64/server/libjvm.so
7f4aabb73000-7f4aabd72000 ---p 00cd9000 08:06 5115829                    /usr/lib/jvm/java-8-oracle/jre/lib/amd64/server/libjvm.so
7f4aabd72000-7f4aabe4c000 rw-p 00cd8000 08:06 5115829                    /usr/lib/jvm/java-8-oracle/jre/lib/amd64/server/libjvm.so
7f4aabe4c000-7f4aabe97000 rw-p 00000000 00:00 0 
7f4aabe97000-7f4aac057000 r-xp 00000000 08:06 266739                     /lib/x86_64-linux-gnu/libc-2.23.so
7f4aac057000-7f4aac257000 ---p 001c0000 08:06 266739                     /lib/x86_64-linux-gnu/libc-2.23.so
7f4aac257000-7f4aac25b000 r--p 001c0000 08:06 266739                     /lib/x86_64-linux-gnu/libc-2.23.so
7f4aac25b000-7f4aac25d000 rw-p 001c4000 08:06 266739                     /lib/x86_64-linux-gnu/libc-2.23.so
7f4aac25d000-7f4aac261000 rw-p 00000000 00:00 0 
7f4aac261000-7f4aac264000 r-xp 00000000 08:06 266761                     /lib/x86_64-linux-gnu/libdl-2.23.so
7f4aac264000-7f4aac463000 ---p 00003000 08:06 266761                     /lib/x86_64-linux-gnu/libdl-2.23.so
7f4aac463000-7f4aac464000 r--p 00002000 08:06 266761                     /lib/x86_64-linux-gnu/libdl-2.23.so
7f4aac464000-7f4aac465000 rw-p 00003000 08:06 266761                     /lib/x86_64-linux-gnu/libdl-2.23.so
7f4aac465000-7f4aac47b000 r-xp 00000000 08:06 4728482                    /usr/lib/jvm/java-8-oracle/lib/amd64/jli/libjli.so
7f4aac47b000-7f4aac67a000 ---p 00016000 08:06 4728482                    /usr/lib/jvm/java-8-oracle/lib/amd64/jli/libjli.so
7f4aac67a000-7f4aac67b000 rw-p 00015000 08:06 4728482                    /usr/lib/jvm/java-8-oracle/lib/amd64/jli/libjli.so
7f4aac67b000-7f4aac693000 r-xp 00000000 08:06 266881                     /lib/x86_64-linux-gnu/libpthread-2.23.so
7f4aac693000-7f4aac892000 ---p 00018000 08:06 266881                     /lib/x86_64-linux-gnu/libpthread-2.23.so
7f4aac892000-7f4aac893000 r--p 00017000 08:06 266881                     /lib/x86_64-linux-gnu/libpthread-2.23.so
7f4aac893000-7f4aac894000 rw-p 00018000 08:06 266881                     /lib/x86_64-linux-gnu/libpthread-2.23.so
7f4aac894000-7f4aac898000 rw-p 00000000 00:00 0 
7f4aac898000-7f4aac8be000 r-xp 00000000 08:06 266713                     /lib/x86_64-linux-gnu/ld-2.23.so
7f4aac8be000-7f4aac8c3000 r--s 0009d000 08:06 5115698                    /usr/lib/jvm/java-8-oracle/jre/lib/jsse.jar
7f4aac8c3000-7f4aac8c5000 r--s 00007000 08:06 5115875                    /usr/lib/jvm/java-8-oracle/jre/lib/jfxswt.jar
7f4aac8c5000-7f4aac8ca000 r--s 00084000 08:06 5115558                    /usr/lib/jvm/java-8-oracle/jre/lib/jfr.jar
7f4aac8ca000-7f4aac8cd000 r--s 0001a000 08:06 5115873                    /usr/lib/jvm/java-8-oracle/jre/lib/jce.jar
7f4aac8cd000-7f4aac99e000 rw-p 00000000 00:00 0 
7f4aac99e000-7f4aac9a1000 ---p 00000000 00:00 0 
7f4aac9a1000-7f4aacaa4000 rw-p 00000000 00:00 0 
7f4aacaa4000-7f4aacaa5000 r--s 00000000 08:06 5115565                    /usr/lib/jvm/java-8-oracle/jre/lib/management-agent.jar
7f4aacaa5000-7f4aacaae000 r--s 0006d000 08:06 5115568                    /usr/lib/jvm/java-8-oracle/jre/lib/javaws.jar
7f4aacaae000-7f4aacab3000 r--s 002f9000 08:06 5115639                    /usr/lib/jvm/java-8-oracle/jre/lib/charsets.jar
7f4aacab3000-7f4aacabb000 rw-s 00000000 08:06 3935973                    /tmp/hsperfdata_veilly/359
7f4aacabb000-7f4aacabc000 rw-p 00000000 00:00 0 
7f4aacabc000-7f4aacabd000 ---p 00000000 00:00 0 
7f4aacabd000-7f4aacabe000 r--p 00025000 08:06 266713                     /lib/x86_64-linux-gnu/ld-2.23.so
7f4aacabe000-7f4aacabf000 rw-p 00026000 08:06 266713                     /lib/x86_64-linux-gnu/ld-2.23.so
7f4aacabf000-7f4aacac0000 rw-p 00000000 00:00 0 
7ffd0a2eb000-7ffd0a30e000 rw-p 00000000 00:00 0                          [stack]
7ffd0a3dd000-7ffd0a3e0000 r--p 00000000 00:00 0                          [vvar]
7ffd0a3e0000-7ffd0a3e2000 r-xp 00000000 00:00 0                          [vdso]
ffffffffff600000-ffffffffff601000 r-xp 00000000 00:00 0                  [vsyscall]

VM Arguments:
jvm_args: -javaagent:/home/veilly/idea/lib/idea_rt.jar=40855:/home/veilly/idea/bin -Dfile.encoding=UTF-8 
java_command: CacheAffinityExample
java_class_path (initial): /usr/lib/jvm/java-8-oracle/jre/lib/charsets.jar:/usr/lib/jvm/java-8-oracle/jre/lib/deploy.jar:/usr/lib/jvm/java-8-oracle/jre/lib/ext/cldrdata.jar:/usr/lib/jvm/java-8-oracle/jre/lib/ext/dnsns.jar:/usr/lib/jvm/java-8-oracle/jre/lib/ext/jaccess.jar:/usr/lib/jvm/java-8-oracle/jre/lib/ext/jfxrt.jar:/usr/lib/jvm/java-8-oracle/jre/lib/ext/localedata.jar:/usr/lib/jvm/java-8-oracle/jre/lib/ext/nashorn.jar:/usr/lib/jvm/java-8-oracle/jre/lib/ext/sunec.jar:/usr/lib/jvm/java-8-oracle/jre/lib/ext/sunjce_provider.jar:/usr/lib/jvm/java-8-oracle/jre/lib/ext/sunpkcs11.jar:/usr/lib/jvm/java-8-oracle/jre/lib/ext/zipfs.jar:/usr/lib/jvm/java-8-oracle/jre/lib/javaws.jar:/usr/lib/jvm/java-8-oracle/jre/lib/jce.jar:/usr/lib/jvm/java-8-oracle/jre/lib/jfr.jar:/usr/lib/jvm/java-8-oracle/jre/lib/jfxswt.jar:/usr/lib/jvm/java-8-oracle/jre/lib/jsse.jar:/usr/lib/jvm/java-8-oracle/jre/lib/management-agent.jar:/usr/lib/jvm/java-8-oracle/jre/lib/plugin.jar:/usr/lib/jvm/java-8-oracle/jre/lib/resources.jar:/usr/lib/jvm/java-8-oracle/jre/lib/rt.jar:/home/veilly/Java/CacheApp/target/classes:/home/veilly/.m2/repository/org/apache/ignite/ignite-core/2.5.0-SNAPSHOT/ignite-core-2.5.0-SNAPSHOT.jar:/home/veilly/.m2/repository/javax/cache/cache-api/1.0.0/cache-api-1.0.0.jar:/home/veilly/.m2/repository/org/jetbrains/annotations/13.0/annotations-13.0.jar:/home/veilly/.m2/repository/org/gridgain/ignite-shmem/1.0.0/ignite-shmem-1.0.0.jar:/home/veilly/.m2/repository/org/apache/ignite/ignite-spring/2.5.0-SNAPSHOT/ignite-spring-2.5.0-SNAPSHOT.jar:/home/veilly/.m2/repository/org/springframework/spring-core/4.3.7.RELEASE/spring-core-4.3.7.RELEASE.jar:/home/veilly/.m2/repository/org/springframework/spring-aop/4.3.7.RELEASE/spring-aop-4.3.7.RELEASE.jar:/home/veilly/.m2/repository/org/springframework/spring-beans/4.3.7.RELEASE/spring-beans-4.3.7.RELEASE.jar:/home/veilly/.m2/repository/org/springframework/spring-context/4.3.7.RELEASE/spring-context-4.3.7.RELEASE.jar:/home/veilly/.m2/repository/org
Launcher Type: SUN_STANDARD

Environment Variables:
JAVA_HOME=/usr/lib/jvm/java-8-oracle
PATH=/home/veilly/bin:/home/veilly/.local/bin:/usr/local/sbin:/usr/local/bin:/usr/sbin:/usr/bin:/sbin:/bin:/usr/games:/usr/local/games:/snap/bin:/usr/lib/jvm/java-8-oracle/bin:/usr/lib/jvm/java-8-oracle/db/bin:/usr/lib/jvm/java-8-oracle/jre/bin
SHELL=/bin/bash
DISPLAY=:0

Signal Handlers:
SIGSEGV: [libjvm.so+0xad0890], sa_mask[0]=11111111011111111101111111111110, sa_flags=SA_RESTART|SA_SIGINFO
SIGBUS: [libjvm.so+0xad0890], sa_mask[0]=11111111011111111101111111111110, sa_flags=SA_RESTART|SA_SIGINFO
SIGFPE: [libjvm.so+0x928640], sa_mask[0]=11111111011111111101111111111110, sa_flags=SA_RESTART|SA_SIGINFO
SIGPIPE: [libjvm.so+0x928640], sa_mask[0]=11111111011111111101111111111110, sa_flags=SA_RESTART|SA_SIGINFO
SIGXFSZ: [libjvm.so+0x928640], sa_mask[0]=11111111011111111101111111111110, sa_flags=SA_RESTART|SA_SIGINFO
SIGILL: [libjvm.so+0x928640], sa_mask[0]=11111111011111111101111111111110, sa_flags=SA_RESTART|SA_SIGINFO
SIGUSR1: SIG_DFL, sa_mask[0]=00000000000000000000000000000000, sa_flags=none
SIGUSR2: [libjvm.so+0x929ea0], sa_mask[0]=00100000000000000000000000000000, sa_flags=SA_RESTART|SA_SIGINFO
SIGHUP: [libjvm.so+0x92b2a0], sa_mask[0]=11111111011111111101111111111110, sa_flags=SA_RESTART|SA_SIGINFO
SIGINT: [libjvm.so+0x92b2a0], sa_mask[0]=11111111011111111101111111111110, sa_flags=SA_RESTART|SA_SIGINFO
SIGTERM: [libjvm.so+0x92b2a0], sa_mask[0]=11111111011111111101111111111110, sa_flags=SA_RESTART|SA_SIGINFO
SIGQUIT: [libjvm.so+0x92b2a0], sa_mask[0]=11111111011111111101111111111110, sa_flags=SA_RESTART|SA_SIGINFO


---------------  S Y S T E M  ---------------

OS:DISTRIB_ID=neon
DISTRIB_RELEASE=16.04
DISTRIB_CODENAME=xenial
DISTRIB_DESCRIPTION="KDE neon User Edition 5.12"

uname:Linux 4.13.0-43-generic #48~16.04.1-Ubuntu SMP Thu May 17 12:56:46 UTC 2018 x86_64
libc:glibc 2.23 NPTL 2.23 
rlimit: STACK 8192k, CORE 0k, NPROC 30810, NOFILE 1048576, AS infinity
load average:38,02 12,79 6,87

/proc/meminfo:
MemTotal:        8078096 kB
MemFree:          120900 kB
MemAvailable:      18960 kB
Buffers:             392 kB
Cached:           828716 kB
SwapCached:            0 kB
Active:          6786444 kB
Inactive:         819080 kB
Active(anon):    6781892 kB
Inactive(anon):   806952 kB
Active(file):       4552 kB
Inactive(file):    12128 kB
Unevictable:          32 kB
Mlocked:              32 kB
SwapTotal:             0 kB
SwapFree:              0 kB
Dirty:               160 kB
Writeback:             0 kB
AnonPages:       6776800 kB
Mapped:           404144 kB
Shmem:            812076 kB
Slab:             142024 kB
SReclaimable:      59304 kB
SUnreclaim:        82720 kB
KernelStack:       23296 kB
PageTables:       100008 kB
NFS_Unstable:          0 kB
Bounce:                0 kB
WritebackTmp:          0 kB
CommitLimit:     4039048 kB
Committed_AS:   19286612 kB
VmallocTotal:   34359738367 kB
VmallocUsed:           0 kB
VmallocChunk:          0 kB
HardwareCorrupted:     0 kB
AnonHugePages:         0 kB
ShmemHugePages:        0 kB
ShmemPmdMapped:        0 kB
CmaTotal:              0 kB
CmaFree:               0 kB
HugePages_Total:       0
HugePages_Free:        0
HugePages_Rsvd:        0
HugePages_Surp:        0
Hugepagesize:       2048 kB
DirectMap4k:      427540 kB
DirectMap2M:     7870464 kB
DirectMap1G:           0 kB


CPU:total 4 (initial active 4) (2 cores per cpu, 2 threads per core) family 6 model 78 stepping 3, cmov, cx8, fxsr, mmx, sse, sse2, sse3, ssse3, sse4.1, sse4.2, popcnt, avx, avx2, aes, clmul, erms, 3dnowpref, lzcnt, ht, tsc, tscinvbit, bmi1, bmi2, adx

/proc/cpuinfo:
processor	: 0
vendor_id	: GenuineIntel
cpu family	: 6
model		: 78
model name	: Intel(R) Core(TM) i7-6500U CPU @ 2.50GHz
stepping	: 3
microcode	: 0xc2
cpu MHz		: 2660.265
cache size	: 4096 KB
physical id	: 0
siblings	: 4
core id		: 0
cpu cores	: 2
apicid		: 0
initial apicid	: 0
fpu		: yes
fpu_exception	: yes
cpuid level	: 22
wp		: yes
flags		: fpu vme de pse tsc msr pae mce cx8 apic sep mtrr pge mca cmov pat pse36 clflush dts acpi mmx fxsr sse sse2 ss ht tm pbe syscall nx pdpe1gb rdtscp lm constant_tsc art arch_perfmon pebs bts rep_good nopl xtopology nonstop_tsc cpuid aperfmperf tsc_known_freq pni pclmulqdq dtes64 monitor ds_cpl vmx est tm2 ssse3 sdbg fma cx16 xtpr pdcm pcid sse4_1 sse4_2 x2apic movbe popcnt tsc_deadline_timer aes xsave avx f16c rdrand lahf_lm abm 3dnowprefetch cpuid_fault epb invpcid_single pti retpoline intel_pt rsb_ctxsw spec_ctrl tpr_shadow vnmi flexpriority ept vpid fsgsbase tsc_adjust bmi1 avx2 smep bmi2 erms invpcid mpx rdseed adx smap clflushopt xsaveopt xsavec xgetbv1 xsaves dtherm ida arat pln pts hwp hwp_notify hwp_act_window hwp_epp
bugs		: cpu_meltdown spectre_v1 spectre_v2 spec_store_bypass
bogomips	: 5184.00
clflush size	: 64
cache_alignment	: 64
address sizes	: 39 bits physical, 48 bits virtual
power management:

processor	: 1
vendor_id	: GenuineIntel
cpu family	: 6
model		: 78
model name	: Intel(R) Core(TM) i7-6500U CPU @ 2.50GHz
stepping	: 3
microcode	: 0xc2
cpu MHz		: 2676.449
cache size	: 4096 KB
physical id	: 0
siblings	: 4
core id		: 1
cpu cores	: 2
apicid		: 2
initial apicid	: 2
fpu		: yes
fpu_exception	: yes
cpuid level	: 22
wp		: yes
flags		: fpu vme de pse tsc msr pae mce cx8 apic sep mtrr pge mca cmov pat pse36 clflush dts acpi mmx fxsr sse sse2 ss ht tm pbe syscall nx pdpe1gb rdtscp lm constant_tsc art arch_perfmon pebs bts rep_good nopl xtopology nonstop_tsc cpuid aperfmperf tsc_known_freq pni pclmulqdq dtes64 monitor ds_cpl vmx est tm2 ssse3 sdbg fma cx16 xtpr pdcm pcid sse4_1 sse4_2 x2apic movbe popcnt tsc_deadline_timer aes xsave avx f16c rdrand lahf_lm abm 3dnowprefetch cpuid_fault epb invpcid_single pti retpoline intel_pt rsb_ctxsw spec_ctrl tpr_shadow vnmi flexpriority ept vpid fsgsbase tsc_adjust bmi1 avx2 smep bmi2 erms invpcid mpx rdseed adx smap clflushopt xsaveopt xsavec xgetbv1 xsaves dtherm ida arat pln pts hwp hwp_notify hwp_act_window hwp_epp
bugs		: cpu_meltdown spectre_v1 spectre_v2 spec_store_bypass
bogomips	: 5184.00
clflush size	: 64
cache_alignment	: 64
address sizes	: 39 bits physical, 48 bits virtual
power management:

processor	: 2
vendor_id	: GenuineIntel
cpu family	: 6
model		: 78
model name	: Intel(R) Core(TM) i7-6500U CPU @ 2.50GHz
stepping	: 3
microcode	: 0xc2
cpu MHz		: 2667.631
cache size	: 4096 KB
physical id	: 0
siblings	: 4
core id		: 0
cpu cores	: 2
apicid		: 1
initial apicid	: 1
fpu		: yes
fpu_exception	: yes
cpuid level	: 22
wp		: yes
flags		: fpu vme de pse tsc msr pae mce cx8 apic sep mtrr pge mca cmov pat pse36 clflush dts acpi mmx fxsr sse sse2 ss ht tm pbe syscall nx pdpe1gb rdtscp lm constant_tsc art arch_perfmon pebs bts rep_good nopl xtopology nonstop_tsc cpuid aperfmperf tsc_known_freq pni pclmulqdq dtes64 monitor ds_cpl vmx est tm2 ssse3 sdbg fma cx16 xtpr pdcm pcid sse4_1 sse4_2 x2apic movbe popcnt tsc_deadline_timer aes xsave avx f16c rdrand lahf_lm abm 3dnowprefetch cpuid_fault epb invpcid_single pti retpoline intel_pt rsb_ctxsw spec_ctrl tpr_shadow vnmi flexpriority ept vpid fsgsbase tsc_adjust bmi1 avx2 smep bmi2 erms invpcid mpx rdseed adx smap clflushopt xsaveopt xsavec xgetbv1 xsaves dtherm ida arat pln pts hwp hwp_notify hwp_act_window hwp_epp
bugs		: cpu_meltdown spectre_v1 spectre_v2 spec_store_bypass
bogomips	: 5184.00
clflush size	: 64
cache_alignment	: 64
address sizes	: 39 bits physical, 48 bits virtual
power management:

processor	: 3
vendor_id	: GenuineIntel
cpu family	: 6
model		: 78
model name	: Intel(R) Core(TM) i7-6500U CPU @ 2.50GHz
stepping	: 3
microcode	: 0xc2
cpu MHz		: 2671.216
cache size	: 4096 KB
physical id	: 0
siblings	: 4
core id		: 1
cpu cores	: 2
apicid		: 3
initial apicid	: 3
fpu		: yes
fpu_exception	: yes
cpuid level	: 22
wp		: yes
flags		: fpu vme de pse tsc msr pae mce cx8 apic sep mtrr pge mca cmov pat pse36 clflush dts acpi mmx fxsr sse sse2 ss ht tm pbe syscall nx pdpe1gb rdtscp lm constant_tsc art arch_perfmon pebs bts rep_good nopl xtopology nonstop_tsc cpuid aperfmperf tsc_known_freq pni pclmulqdq dtes64 monitor ds_cpl vmx est tm2 ssse3 sdbg fma cx16 xtpr pdcm pcid sse4_1 sse4_2 x2apic movbe popcnt tsc_deadline_timer aes xsave avx f16c rdrand lahf_lm abm 3dnowprefetch cpuid_fault epb invpcid_single pti retpoline intel_pt rsb_ctxsw spec_ctrl tpr_shadow vnmi flexpriority ept vpid fsgsbase tsc_adjust bmi1 avx2 smep bmi2 erms invpcid mpx rdseed adx smap clflushopt xsaveopt xsavec xgetbv1 xsaves dtherm ida arat pln pts hwp hwp_notify hwp_act_window hwp_epp
bugs		: cpu_meltdown spectre_v1 spectre_v2 spec_store_bypass
bogomips	: 5184.00
clflush size	: 64
cache_alignment	: 64
address sizes	: 39 bits physical, 48 bits virtual
power management:



Memory: 4k page, physical 8078096k(123152k free), swap 0k(0k free)

vm_info: Java HotSpot(TM) 64-Bit Server VM (25.171-b11) for linux-amd64 JRE (1.8.0_171-b11), built on Mar 28 2018 17:07:08 by "java_re" with gcc 4.3.0 20080428 (Red Hat 4.3.0-8)

time: Sat Jun  9 23:20:16 2018
elapsed time: 2754 seconds (0d 0h 45m 54s)

